This file contains any messages produced by compilers while
running configure, to aid debugging if configure makes a mistake.

It was created by jellyfish configure 1.1.6, which was
generated by GNU Autoconf 2.63.  Invocation command line was

  $ ./configure CC=gcc CXX=g++ --prefix=/usr/remote/trinityrnaseq_r2013_08_14/trinity-plugins/jellyfish

## --------- ##
## Platform. ##
## --------- ##

hostname = pbil-deb
uname -m = x86_64
uname -r = 3.2.0-0.bpo.4-amd64
uname -s = Linux
uname -v = #1 SMP Debian 3.2.35-2~bpo60+1

/usr/bin/uname -p = unknown
/bin/uname -X     = unknown

/bin/arch              = unknown
/usr/bin/arch -k       = unknown
/usr/convex/getsysinfo = unknown
/usr/bin/hostinfo      = unknown
/bin/machine           = unknown
/usr/bin/oslevel       = unknown
/bin/universe          = unknown

PATH: /usr/local/sbin
PATH: /usr/local/bin
PATH: /usr/sbin
PATH: /usr/bin
PATH: /sbin
PATH: /bin


## ----------- ##
## Core tests. ##
## ----------- ##

configure:1958: checking build system type
configure:1976: result: x86_64-unknown-linux-gnu
configure:1998: checking host system type
configure:2013: result: x86_64-unknown-linux-gnu
configure:2052: checking for a BSD-compatible install
configure:2120: result: /usr/bin/install -c
configure:2131: checking whether build environment is sane
configure:2191: result: yes
configure:2332: checking for a thread-safe mkdir -p
configure:2371: result: /bin/mkdir -p
configure:2384: checking for gawk
configure:2400: found /usr/bin/gawk
configure:2411: result: gawk
configure:2422: checking whether make sets $(MAKE)
configure:2444: result: yes
configure:2652: checking for C++ compiler version
configure:2660: g++ --version >&5
g++ (Debian 4.6.3-1) 4.6.3
Copyright (C) 2011 Free Software Foundation, Inc.
This is free software; see the source for copying conditions.  There is NO
warranty; not even for MERCHANTABILITY or FITNESS FOR A PARTICULAR PURPOSE.

configure:2664: $? = 0
configure:2671: g++ -v >&5
Using built-in specs.
COLLECT_GCC=g++
COLLECT_LTO_WRAPPER=/usr/lib/gcc/x86_64-linux-gnu/4.6/lto-wrapper
Target: x86_64-linux-gnu
Configured with: ../src/configure -v --with-pkgversion='Debian 4.6.3-1' --with-bugurl=file:///usr/share/doc/gcc-4.6/README.Bugs --enable-languages=c,c++,fortran,objc,obj-c++,go --prefix=/usr --program-suffix=-4.6 --enable-shared --enable-linker-build-id --with-system-zlib --libexecdir=/usr/lib --without-included-gettext --enable-threads=posix --with-gxx-include-dir=/usr/include/c++/4.6 --libdir=/usr/lib --enable-nls --with-sysroot=/ --enable-clocale=gnu --enable-libstdcxx-debug --enable-libstdcxx-time=yes --enable-plugin --enable-objc-gc --with-arch-32=i586 --with-tune=generic --enable-checking=release --build=x86_64-linux-gnu --host=x86_64-linux-gnu --target=x86_64-linux-gnu
Thread model: posix
gcc version 4.6.3 (Debian 4.6.3-1) 
configure:2675: $? = 0
configure:2682: g++ -V >&5
g++: error: unrecognized option '-V'
g++: fatal error: no input files
compilation terminated.
configure:2686: $? = 4
configure:2709: checking for C++ compiler default output file name
configure:2731: g++    conftest.cpp  >&5
configure:2735: $? = 0
configure:2773: result: a.out
configure:2792: checking whether the C++ compiler works
configure:2802: ./a.out
configure:2806: $? = 0
configure:2825: result: yes
configure:2832: checking whether we are cross compiling
configure:2834: result: no
configure:2837: checking for suffix of executables
configure:2844: g++ -o conftest    conftest.cpp  >&5
configure:2848: $? = 0
configure:2874: result: 
configure:2880: checking for suffix of object files
configure:2906: g++ -c   conftest.cpp >&5
configure:2910: $? = 0
configure:2935: result: o
configure:2939: checking whether we are using the GNU C++ compiler
configure:2968: g++ -c   conftest.cpp >&5
configure:2975: $? = 0
configure:2992: result: yes
configure:3001: checking whether g++ accepts -g
configure:3031: g++ -c -g  conftest.cpp >&5
configure:3038: $? = 0
configure:3139: result: yes
configure:3173: checking for style of include used by make
configure:3201: result: GNU
configure:3226: checking dependency style of g++
configure:3336: result: gcc3
configure:3364: checking for md5sum
configure:3380: found /usr/bin/md5sum
configure:3391: result: md5sum
configure:3530: checking for gcc
configure:3557: result: gcc
configure:3789: checking for C compiler version
configure:3797: gcc --version >&5
gcc (Debian 4.6.3-1) 4.6.3
Copyright (C) 2011 Free Software Foundation, Inc.
This is free software; see the source for copying conditions.  There is NO
warranty; not even for MERCHANTABILITY or FITNESS FOR A PARTICULAR PURPOSE.

configure:3801: $? = 0
configure:3808: gcc -v >&5
Using built-in specs.
COLLECT_GCC=gcc
COLLECT_LTO_WRAPPER=/usr/lib/gcc/x86_64-linux-gnu/4.6/lto-wrapper
Target: x86_64-linux-gnu
Configured with: ../src/configure -v --with-pkgversion='Debian 4.6.3-1' --with-bugurl=file:///usr/share/doc/gcc-4.6/README.Bugs --enable-languages=c,c++,fortran,objc,obj-c++,go --prefix=/usr --program-suffix=-4.6 --enable-shared --enable-linker-build-id --with-system-zlib --libexecdir=/usr/lib --without-included-gettext --enable-threads=posix --with-gxx-include-dir=/usr/include/c++/4.6 --libdir=/usr/lib --enable-nls --with-sysroot=/ --enable-clocale=gnu --enable-libstdcxx-debug --enable-libstdcxx-time=yes --enable-plugin --enable-objc-gc --with-arch-32=i586 --with-tune=generic --enable-checking=release --build=x86_64-linux-gnu --host=x86_64-linux-gnu --target=x86_64-linux-gnu
Thread model: posix
gcc version 4.6.3 (Debian 4.6.3-1) 
configure:3812: $? = 0
configure:3819: gcc -V >&5
gcc: error: unrecognized option '-V'
gcc: fatal error: no input files
compilation terminated.
configure:3823: $? = 4
configure:3826: checking whether we are using the GNU C compiler
configure:3855: gcc -c   conftest.c >&5
configure:3862: $? = 0
configure:3879: result: yes
configure:3888: checking whether gcc accepts -g
configure:3918: gcc -c -g  conftest.c >&5
configure:3925: $? = 0
configure:4026: result: yes
configure:4043: checking for gcc option to accept ISO C89
configure:4117: gcc  -c -g -O2  conftest.c >&5
configure:4124: $? = 0
configure:4147: result: none needed
configure:4167: checking dependency style of gcc
configure:4277: result: gcc3
configure:4298: checking how to run the C preprocessor
configure:4338: gcc -E  conftest.c
configure:4345: $? = 0
configure:4376: gcc -E  conftest.c
conftest.c:10:28: fatal error: ac_nonexistent.h: No such file or directory
compilation terminated.
configure:4383: $? = 1
configure: failed program was:
| /* confdefs.h.  */
| #define PACKAGE_NAME "jellyfish"
| #define PACKAGE_TARNAME "jellyfish"
| #define PACKAGE_VERSION "1.1.6"
| #define PACKAGE_STRING "jellyfish 1.1.6"
| #define PACKAGE_BUGREPORT "gmarcais@umd.edu"
| #define PACKAGE "jellyfish"
| #define VERSION "1.1.6"
| /* end confdefs.h.  */
| #include <ac_nonexistent.h>
configure:4416: result: gcc -E
configure:4445: gcc -E  conftest.c
configure:4452: $? = 0
configure:4483: gcc -E  conftest.c
conftest.c:10:28: fatal error: ac_nonexistent.h: No such file or directory
compilation terminated.
configure:4490: $? = 1
configure: failed program was:
| /* confdefs.h.  */
| #define PACKAGE_NAME "jellyfish"
| #define PACKAGE_TARNAME "jellyfish"
| #define PACKAGE_VERSION "1.1.6"
| #define PACKAGE_STRING "jellyfish 1.1.6"
| #define PACKAGE_BUGREPORT "gmarcais@umd.edu"
| #define PACKAGE "jellyfish"
| #define VERSION "1.1.6"
| /* end confdefs.h.  */
| #include <ac_nonexistent.h>
configure:4530: checking for grep that handles long lines and -e
configure:4590: result: /bin/grep
configure:4595: checking for egrep
configure:4659: result: /bin/grep -E
configure:4664: checking for ANSI C header files
configure:4694: gcc -c -g -O2  conftest.c >&5
configure:4701: $? = 0
configure:4800: gcc -o conftest -g -O2   conftest.c  >&5
configure:4804: $? = 0
configure:4810: ./conftest
configure:4814: $? = 0
configure:4832: result: yes
configure:4856: checking for sys/types.h
configure:4877: gcc -c -g -O2  conftest.c >&5
configure:4884: $? = 0
configure:4901: result: yes
configure:4856: checking for sys/stat.h
configure:4877: gcc -c -g -O2  conftest.c >&5
configure:4884: $? = 0
configure:4901: result: yes
configure:4856: checking for stdlib.h
configure:4877: gcc -c -g -O2  conftest.c >&5
configure:4884: $? = 0
configure:4901: result: yes
configure:4856: checking for string.h
configure:4877: gcc -c -g -O2  conftest.c >&5
configure:4884: $? = 0
configure:4901: result: yes
configure:4856: checking for memory.h
configure:4877: gcc -c -g -O2  conftest.c >&5
configure:4884: $? = 0
configure:4901: result: yes
configure:4856: checking for strings.h
configure:4877: gcc -c -g -O2  conftest.c >&5
configure:4884: $? = 0
configure:4901: result: yes
configure:4856: checking for inttypes.h
configure:4877: gcc -c -g -O2  conftest.c >&5
configure:4884: $? = 0
configure:4901: result: yes
configure:4856: checking for stdint.h
configure:4877: gcc -c -g -O2  conftest.c >&5
configure:4884: $? = 0
configure:4901: result: yes
configure:4856: checking for unistd.h
configure:4877: gcc -c -g -O2  conftest.c >&5
configure:4884: $? = 0
configure:4901: result: yes
configure:4915: checking for __int128
configure:4943: gcc -c -g -O2  conftest.c >&5
configure:4950: $? = 0
configure:4977: gcc -c -g -O2  conftest.c >&5
conftest.c: In function 'main':
conftest.c:56:23: error: expected expression before ')' token
configure:4984: $? = 1
configure: failed program was:
| /* confdefs.h.  */
| #define PACKAGE_NAME "jellyfish"
| #define PACKAGE_TARNAME "jellyfish"
| #define PACKAGE_VERSION "1.1.6"
| #define PACKAGE_STRING "jellyfish 1.1.6"
| #define PACKAGE_BUGREPORT "gmarcais@umd.edu"
| #define PACKAGE "jellyfish"
| #define VERSION "1.1.6"
| #define STDC_HEADERS 1
| #define HAVE_SYS_TYPES_H 1
| #define HAVE_SYS_STAT_H 1
| #define HAVE_STDLIB_H 1
| #define HAVE_STRING_H 1
| #define HAVE_MEMORY_H 1
| #define HAVE_STRINGS_H 1
| #define HAVE_INTTYPES_H 1
| #define HAVE_STDINT_H 1
| #define HAVE_UNISTD_H 1
| /* end confdefs.h.  */
| #include <stdio.h>
| #ifdef HAVE_SYS_TYPES_H
| # include <sys/types.h>
| #endif
| #ifdef HAVE_SYS_STAT_H
| # include <sys/stat.h>
| #endif
| #ifdef STDC_HEADERS
| # include <stdlib.h>
| # include <stddef.h>
| #else
| # ifdef HAVE_STDLIB_H
| #  include <stdlib.h>
| # endif
| #endif
| #ifdef HAVE_STRING_H
| # if !defined STDC_HEADERS && defined HAVE_MEMORY_H
| #  include <memory.h>
| # endif
| # include <string.h>
| #endif
| #ifdef HAVE_STRINGS_H
| # include <strings.h>
| #endif
| #ifdef HAVE_INTTYPES_H
| # include <inttypes.h>
| #endif
| #ifdef HAVE_STDINT_H
| # include <stdint.h>
| #endif
| #ifdef HAVE_UNISTD_H
| # include <unistd.h>
| #endif
| int
| main ()
| {
| if (sizeof ((__int128)))
| 	  return 0;
|   ;
|   return 0;
| }
configure:5007: result: yes
configure:5020: checking whether strerror_r is declared
configure:5049: gcc -c -g -O2  conftest.c >&5
configure:5056: $? = 0
configure:5071: result: yes
configure:5093: checking for strerror_r
configure:5149: gcc -o conftest -g -O2   conftest.c  >&5
configure:5156: $? = 0
configure:5178: result: yes
configure:5190: checking whether strerror_r returns char *
configure:5224: gcc -c -g -O2  conftest.c >&5
conftest.c: In function 'main':
conftest.c:61:13: error: invalid type argument of unary '*' (have 'int')
conftest.c:62:14: warning: initialization makes pointer from integer without a cast [enabled by default]
configure:5231: $? = 1
configure: failed program was:
| /* confdefs.h.  */
| #define PACKAGE_NAME "jellyfish"
| #define PACKAGE_TARNAME "jellyfish"
| #define PACKAGE_VERSION "1.1.6"
| #define PACKAGE_STRING "jellyfish 1.1.6"
| #define PACKAGE_BUGREPORT "gmarcais@umd.edu"
| #define PACKAGE "jellyfish"
| #define VERSION "1.1.6"
| #define STDC_HEADERS 1
| #define HAVE_SYS_TYPES_H 1
| #define HAVE_SYS_STAT_H 1
| #define HAVE_STDLIB_H 1
| #define HAVE_STRING_H 1
| #define HAVE_MEMORY_H 1
| #define HAVE_STRINGS_H 1
| #define HAVE_INTTYPES_H 1
| #define HAVE_STDINT_H 1
| #define HAVE_UNISTD_H 1
| #define HAVE_INT128 1
| #define HAVE_DECL_STRERROR_R 1
| #define HAVE_STRERROR_R 1
| /* end confdefs.h.  */
| #include <stdio.h>
| #ifdef HAVE_SYS_TYPES_H
| # include <sys/types.h>
| #endif
| #ifdef HAVE_SYS_STAT_H
| # include <sys/stat.h>
| #endif
| #ifdef STDC_HEADERS
| # include <stdlib.h>
| # include <stddef.h>
| #else
| # ifdef HAVE_STDLIB_H
| #  include <stdlib.h>
| # endif
| #endif
| #ifdef HAVE_STRING_H
| # if !defined STDC_HEADERS && defined HAVE_MEMORY_H
| #  include <memory.h>
| # endif
| # include <string.h>
| #endif
| #ifdef HAVE_STRINGS_H
| # include <strings.h>
| #endif
| #ifdef HAVE_INTTYPES_H
| # include <inttypes.h>
| #endif
| #ifdef HAVE_STDINT_H
| # include <stdint.h>
| #endif
| #ifdef HAVE_UNISTD_H
| # include <unistd.h>
| #endif
| int
| main ()
| {
| 
| 	  char buf[100];
| 	  char x = *strerror_r (0, buf, sizeof buf);
| 	  char *p = strerror_r (0, buf, sizeof buf);
| 	  return !p || x;
| 
|   ;
|   return 0;
| }
configure:5310: result: no
configure:5337: checking execinfo.h usability
configure:5354: gcc -c -g -O2  conftest.c >&5
configure:5361: $? = 0
configure:5375: result: yes
configure:5379: checking execinfo.h presence
configure:5394: gcc -E  conftest.c
configure:5401: $? = 0
configure:5415: result: yes
configure:5448: checking for execinfo.h
configure:5457: result: yes
configure:5473: checking for siginfo_t.si_int
configure:5502: gcc -c -g -O2  conftest.c >&5
configure:5509: $? = 0
configure:5568: result: yes
configure:5625: checking how to print strings
configure:5652: result: printf
configure:5673: checking for a sed that does not truncate output
configure:5739: result: /bin/sed
configure:5757: checking for fgrep
configure:5821: result: /bin/grep -F
configure:5856: checking for ld used by gcc
configure:5923: result: /usr/bin/ld
configure:5932: checking if the linker (/usr/bin/ld) is GNU ld
configure:5947: result: yes
configure:5959: checking for BSD- or MS-compatible name lister (nm)
configure:6008: result: /usr/bin/nm -B
configure:6138: checking the name lister (/usr/bin/nm -B) interface
configure:6145: gcc -c -g -O2  conftest.c >&5
configure:6148: /usr/bin/nm -B "conftest.o"
configure:6151: output
0000000000000000 B some_variable
configure:6158: result: BSD nm
configure:6161: checking whether ln -s works
configure:6165: result: yes
configure:6173: checking the maximum length of command line arguments
configure:6303: result: 3458764513820540925
configure:6320: checking whether the shell understands some XSI constructs
configure:6330: result: yes
configure:6334: checking whether the shell understands "+="
configure:6340: result: yes
configure:6375: checking how to convert x86_64-unknown-linux-gnu file names to x86_64-unknown-linux-gnu format
configure:6415: result: func_convert_file_noop
configure:6422: checking how to convert x86_64-unknown-linux-gnu file names to toolchain format
configure:6442: result: func_convert_file_noop
configure:6449: checking for /usr/bin/ld option to reload object files
configure:6456: result: -r
configure:6530: checking for objdump
configure:6546: found /usr/bin/objdump
configure:6557: result: objdump
configure:6589: checking how to recognize dependent libraries
configure:6791: result: pass_all
configure:6876: checking for dlltool
configure:6906: result: no
configure:6936: checking how to associate runtime and link libraries
configure:6963: result: printf %s\n
configure:7023: checking for ar
configure:7039: found /usr/bin/ar
configure:7050: result: ar
configure:7087: checking for archiver @FILE support
configure:7114: gcc -c -g -O2  conftest.c >&5
configure:7121: $? = 0
configure:7128: ar cru libconftest.a @conftest.lst >&5
configure:7131: $? = 0
configure:7136: ar cru libconftest.a @conftest.lst >&5
ar: conftest.o: No such file or directory
configure:7139: $? = 1
configure:7157: result: @
configure:7215: checking for strip
configure:7231: found /usr/bin/strip
configure:7242: result: strip
configure:7314: checking for ranlib
configure:7330: found /usr/bin/ranlib
configure:7341: result: ranlib
configure:7443: checking command to parse /usr/bin/nm -B output from gcc object
configure:7563: gcc -c -g -O2  conftest.c >&5
configure:7566: $? = 0
configure:7570: /usr/bin/nm -B conftest.o \| sed -n -e 's/^.*[ ]\([ABCDGIRSTW][ABCDGIRSTW]*\)[ ][ ]*\([_A-Za-z][_A-Za-z0-9]*\)$/\1 \2 \2/p' | sed '/ __gnu_lto/d' \> conftest.nm
configure:7573: $? = 0
configure:7639: gcc -o conftest -g -O2   conftest.c conftstm.o >&5
configure:7642: $? = 0
configure:7680: result: ok
configure:7717: checking for sysroot
configure:7749: result: no
configure:7826: gcc -c -g -O2  conftest.c >&5
configure:7829: $? = 0
configure:8034: checking for mt
configure:8050: found /bin/mt
configure:8061: result: mt
configure:8084: checking if mt is a manifest tool
configure:8090: mt '-?'
configure:8098: result: no
configure:8768: checking for dlfcn.h
configure:8789: gcc -c -g -O2  conftest.c >&5
configure:8796: $? = 0
configure:8813: result: yes
configure:9032: checking for objdir
configure:9047: result: .libs
configure:9318: checking if gcc supports -fno-rtti -fno-exceptions
configure:9336: gcc -c -g -O2  -fno-rtti -fno-exceptions conftest.c >&5
cc1: warning: command line option '-fno-rtti' is valid for C++/ObjC++ but not for C [enabled by default]
configure:9340: $? = 0
configure:9353: result: no
configure:9680: checking for gcc option to produce PIC
configure:9687: result: -fPIC -DPIC
configure:9695: checking if gcc PIC flag -fPIC -DPIC works
configure:9713: gcc -c -g -O2  -fPIC -DPIC -DPIC conftest.c >&5
configure:9717: $? = 0
configure:9730: result: yes
configure:9759: checking if gcc static flag -static works
configure:9787: result: yes
configure:9802: checking if gcc supports -c -o file.o
configure:9823: gcc -c -g -O2  -o out/conftest2.o conftest.c >&5
configure:9827: $? = 0
configure:9849: result: yes
configure:9857: checking if gcc supports -c -o file.o
configure:9904: result: yes
configure:9937: checking whether the gcc linker (/usr/bin/ld -m elf_x86_64) supports shared libraries
configure:11181: result: yes
configure:11218: checking whether -lc should be explicitly linked in
configure:11226: gcc -c -g -O2  conftest.c >&5
configure:11229: $? = 0
configure:11244: gcc -shared  -fPIC -DPIC conftest.o  -v -Wl,-soname -Wl,conftest -o conftest 2\>\&1 \| /bin/grep  -lc  \>/dev/null 2\>\&1
configure:11247: $? = 0
configure:11261: result: no
configure:11421: checking dynamic linker characteristics
configure:11942: gcc -o conftest -g -O2   -Wl,-rpath -Wl,/foo conftest.c  >&5
configure:11949: $? = 0
configure:12186: result: GNU/Linux ld.so
configure:12293: checking how to hardcode library paths into programs
configure:12318: result: immediate
configure:13171: checking whether stripping libraries is possible
configure:13176: result: yes
configure:13211: checking if libtool supports shared libraries
configure:13213: result: yes
configure:13216: checking whether to build shared libraries
configure:13237: result: yes
configure:13240: checking whether to build static libraries
configure:13244: result: yes
configure:13267: checking how to run the C++ preprocessor
configure:13303: g++ -E  conftest.cpp
configure:13310: $? = 0
configure:13341: g++ -E  conftest.cpp
conftest.cpp:27:28: fatal error: ac_nonexistent.h: No such file or directory
compilation terminated.
configure:13348: $? = 1
configure: failed program was:
| /* confdefs.h.  */
| #define PACKAGE_NAME "jellyfish"
| #define PACKAGE_TARNAME "jellyfish"
| #define PACKAGE_VERSION "1.1.6"
| #define PACKAGE_STRING "jellyfish 1.1.6"
| #define PACKAGE_BUGREPORT "gmarcais@umd.edu"
| #define PACKAGE "jellyfish"
| #define VERSION "1.1.6"
| #define STDC_HEADERS 1
| #define HAVE_SYS_TYPES_H 1
| #define HAVE_SYS_STAT_H 1
| #define HAVE_STDLIB_H 1
| #define HAVE_STRING_H 1
| #define HAVE_MEMORY_H 1
| #define HAVE_STRINGS_H 1
| #define HAVE_INTTYPES_H 1
| #define HAVE_STDINT_H 1
| #define HAVE_UNISTD_H 1
| #define HAVE_INT128 1
| #define HAVE_DECL_STRERROR_R 1
| #define HAVE_STRERROR_R 1
| #define HAVE_EXECINFO_H 1
| #define HAVE_SI_INT 1
| #define HAVE_DLFCN_H 1
| #define LT_OBJDIR ".libs/"
| /* end confdefs.h.  */
| #include <ac_nonexistent.h>
configure:13381: result: g++ -E
configure:13410: g++ -E  conftest.cpp
configure:13417: $? = 0
configure:13448: g++ -E  conftest.cpp
conftest.cpp:27:28: fatal error: ac_nonexistent.h: No such file or directory
compilation terminated.
configure:13455: $? = 1
configure: failed program was:
| /* confdefs.h.  */
| #define PACKAGE_NAME "jellyfish"
| #define PACKAGE_TARNAME "jellyfish"
| #define PACKAGE_VERSION "1.1.6"
| #define PACKAGE_STRING "jellyfish 1.1.6"
| #define PACKAGE_BUGREPORT "gmarcais@umd.edu"
| #define PACKAGE "jellyfish"
| #define VERSION "1.1.6"
| #define STDC_HEADERS 1
| #define HAVE_SYS_TYPES_H 1
| #define HAVE_SYS_STAT_H 1
| #define HAVE_STDLIB_H 1
| #define HAVE_STRING_H 1
| #define HAVE_MEMORY_H 1
| #define HAVE_STRINGS_H 1
| #define HAVE_INTTYPES_H 1
| #define HAVE_STDINT_H 1
| #define HAVE_UNISTD_H 1
| #define HAVE_INT128 1
| #define HAVE_DECL_STRERROR_R 1
| #define HAVE_STRERROR_R 1
| #define HAVE_EXECINFO_H 1
| #define HAVE_SI_INT 1
| #define HAVE_DLFCN_H 1
| #define LT_OBJDIR ".libs/"
| /* end confdefs.h.  */
| #include <ac_nonexistent.h>
configure:13635: checking for ld used by g++
configure:13702: result: /usr/bin/ld -m elf_x86_64
configure:13711: checking if the linker (/usr/bin/ld -m elf_x86_64) is GNU ld
configure:13726: result: yes
configure:13781: checking whether the g++ linker (/usr/bin/ld -m elf_x86_64) supports shared libraries
configure:14848: result: yes
configure:14884: g++ -c   conftest.cpp >&5
configure:14887: $? = 0
configure:15407: checking for g++ option to produce PIC
configure:15414: result: -fPIC -DPIC
configure:15422: checking if g++ PIC flag -fPIC -DPIC works
configure:15440: g++ -c   -fPIC -DPIC -DPIC conftest.cpp >&5
configure:15444: $? = 0
configure:15457: result: yes
configure:15480: checking if g++ static flag -static works
configure:15508: result: yes
configure:15520: checking if g++ supports -c -o file.o
configure:15541: g++ -c   -o out/conftest2.o conftest.cpp >&5
configure:15545: $? = 0
configure:15567: result: yes
configure:15572: checking if g++ supports -c -o file.o
configure:15619: result: yes
configure:15649: checking whether the g++ linker (/usr/bin/ld -m elf_x86_64) supports shared libraries
configure:15685: result: yes
configure:15826: checking dynamic linker characteristics
configure:16525: result: GNU/Linux ld.so
configure:16578: checking how to hardcode library paths into programs
configure:16603: result: immediate
configure:16795: creating ./config.status

## ---------------------- ##
## Running config.status. ##
## ---------------------- ##

This file was extended by jellyfish config.status 1.1.6, which was
generated by GNU Autoconf 2.63.  Invocation command line was

  CONFIG_FILES    = 
  CONFIG_HEADERS  = 
  CONFIG_LINKS    = 
  CONFIG_COMMANDS = 
  $ ./config.status 

on pbil-deb

config.status:1072: creating Makefile
config.status:1072: creating tests/compat.sh
config.status:1072: creating jellyfish-1.1.pc
config.status:1072: creating config.h
config.status:1346: executing depfiles commands
config.status:1346: executing libtool commands

## ---------------- ##
## Cache variables. ##
## ---------------- ##

ac_cv_build=x86_64-unknown-linux-gnu
ac_cv_c_compiler_gnu=yes
ac_cv_cxx_compiler_gnu=yes
ac_cv_env_CCC_set=
ac_cv_env_CCC_value=
ac_cv_env_CC_set=set
ac_cv_env_CC_value=gcc
ac_cv_env_CFLAGS_set=
ac_cv_env_CFLAGS_value=
ac_cv_env_CPPFLAGS_set=
ac_cv_env_CPPFLAGS_value=
ac_cv_env_CPP_set=
ac_cv_env_CPP_value=
ac_cv_env_CXXCPP_set=
ac_cv_env_CXXCPP_value=
ac_cv_env_CXXFLAGS_set=
ac_cv_env_CXXFLAGS_value=
ac_cv_env_CXX_set=set
ac_cv_env_CXX_value=g++
ac_cv_env_LDFLAGS_set=
ac_cv_env_LDFLAGS_value=
ac_cv_env_LIBS_set=
ac_cv_env_LIBS_value=
ac_cv_env_MD5_set=
ac_cv_env_MD5_value=
ac_cv_env_build_alias_set=
ac_cv_env_build_alias_value=
ac_cv_env_host_alias_set=
ac_cv_env_host_alias_value=
ac_cv_env_target_alias_set=
ac_cv_env_target_alias_value=
ac_cv_func_strerror_r=yes
ac_cv_func_strerror_r_char_p=no
ac_cv_have_decl_strerror_r=yes
ac_cv_header_dlfcn_h=yes
ac_cv_header_execinfo_h=yes
ac_cv_header_inttypes_h=yes
ac_cv_header_memory_h=yes
ac_cv_header_stdc=yes
ac_cv_header_stdint_h=yes
ac_cv_header_stdlib_h=yes
ac_cv_header_string_h=yes
ac_cv_header_strings_h=yes
ac_cv_header_sys_stat_h=yes
ac_cv_header_sys_types_h=yes
ac_cv_header_unistd_h=yes
ac_cv_host=x86_64-unknown-linux-gnu
ac_cv_member_siginfo_t_si_int=yes
ac_cv_objext=o
ac_cv_path_EGREP='/bin/grep -E'
ac_cv_path_FGREP='/bin/grep -F'
ac_cv_path_GREP=/bin/grep
ac_cv_path_SED=/bin/sed
ac_cv_path_install='/usr/bin/install -c'
ac_cv_path_mkdir=/bin/mkdir
ac_cv_prog_AWK=gawk
ac_cv_prog_CPP='gcc -E'
ac_cv_prog_CXXCPP='g++ -E'
ac_cv_prog_MD5=md5sum
ac_cv_prog_ac_ct_AR=ar
ac_cv_prog_ac_ct_CC=gcc
ac_cv_prog_ac_ct_MANIFEST_TOOL=mt
ac_cv_prog_ac_ct_OBJDUMP=objdump
ac_cv_prog_ac_ct_RANLIB=ranlib
ac_cv_prog_ac_ct_STRIP=strip
ac_cv_prog_cc_c89=
ac_cv_prog_cc_g=yes
ac_cv_prog_cxx_g=yes
ac_cv_prog_make_make_set=yes
ac_cv_type___int128=yes
am_cv_CC_dependencies_compiler_type=gcc3
am_cv_CXX_dependencies_compiler_type=gcc3
lt_cv_ar_at_file=@
lt_cv_archive_cmds_need_lc=no
lt_cv_deplibs_check_method=pass_all
lt_cv_file_magic_cmd='$MAGIC_CMD'
lt_cv_file_magic_test_file=
lt_cv_ld_reload_flag=-r
lt_cv_nm_interface='BSD nm'
lt_cv_objdir=.libs
lt_cv_path_LD=/usr/bin/ld
lt_cv_path_LDCXX='/usr/bin/ld -m elf_x86_64'
lt_cv_path_NM='/usr/bin/nm -B'
lt_cv_path_mainfest_tool=no
lt_cv_prog_compiler_c_o=yes
lt_cv_prog_compiler_c_o_CXX=yes
lt_cv_prog_compiler_pic='-fPIC -DPIC'
lt_cv_prog_compiler_pic_CXX='-fPIC -DPIC'
lt_cv_prog_compiler_pic_works=yes
lt_cv_prog_compiler_pic_works_CXX=yes
lt_cv_prog_compiler_rtti_exceptions=no
lt_cv_prog_compiler_static_works=yes
lt_cv_prog_compiler_static_works_CXX=yes
lt_cv_prog_gnu_ld=yes
lt_cv_prog_gnu_ldcxx=yes
lt_cv_sharedlib_from_linklib_cmd='printf %s\n'
lt_cv_shlibpath_overrides_runpath=no
lt_cv_sys_global_symbol_pipe='sed -n -e '\''s/^.*[	 ]\([ABCDGIRSTW][ABCDGIRSTW]*\)[	 ][	 ]*\([_A-Za-z][_A-Za-z0-9]*\)$/\1 \2 \2/p'\'' | sed '\''/ __gnu_lto/d'\'''
lt_cv_sys_global_symbol_to_c_name_address='sed -n -e '\''s/^: \([^ ]*\)[ ]*$/  {\"\1\", (void *) 0},/p'\'' -e '\''s/^[ABCDGIRSTW]* \([^ ]*\) \([^ ]*\)$/  {"\2", (void *) \&\2},/p'\'''
lt_cv_sys_global_symbol_to_c_name_address_lib_prefix='sed -n -e '\''s/^: \([^ ]*\)[ ]*$/  {\"\1\", (void *) 0},/p'\'' -e '\''s/^[ABCDGIRSTW]* \([^ ]*\) \(lib[^ ]*\)$/  {"\2", (void *) \&\2},/p'\'' -e '\''s/^[ABCDGIRSTW]* \([^ ]*\) \([^ ]*\)$/  {"lib\2", (void *) \&\2},/p'\'''
lt_cv_sys_global_symbol_to_cdecl='sed -n -e '\''s/^T .* \(.*\)$/extern int \1();/p'\'' -e '\''s/^[ABCDGIRSTW]* .* \(.*\)$/extern char \1;/p'\'''
lt_cv_sys_max_cmd_len=3458764513820540925
lt_cv_to_host_file_cmd=func_convert_file_noop
lt_cv_to_tool_file_cmd=func_convert_file_noop

## ----------------- ##
## Output variables. ##
## ----------------- ##

ACLOCAL='${SHELL} /usr/remote/trinityrnaseq_r2013_08_14/trinity-plugins/jellyfish/missing --run aclocal-1.11'
AMDEPBACKSLASH='\'
AMDEP_FALSE='#'
AMDEP_TRUE=''
AMTAR='${SHELL} /usr/remote/trinityrnaseq_r2013_08_14/trinity-plugins/jellyfish/missing --run tar'
AM_BACKSLASH='\'
AM_DEFAULT_VERBOSITY='0'
AR='ar'
AUTOCONF='${SHELL} /usr/remote/trinityrnaseq_r2013_08_14/trinity-plugins/jellyfish/missing --run autoconf'
AUTOHEADER='${SHELL} /usr/remote/trinityrnaseq_r2013_08_14/trinity-plugins/jellyfish/missing --run autoheader'
AUTOMAKE='${SHELL} /usr/remote/trinityrnaseq_r2013_08_14/trinity-plugins/jellyfish/missing --run automake-1.11'
AWK='gawk'
CC='gcc'
CCDEPMODE='depmode=gcc3'
CFLAGS='-g -O2'
CPP='gcc -E'
CPPFLAGS=''
CXX='g++'
CXXCPP='g++ -E'
CXXDEPMODE='depmode=gcc3'
CXXFLAGS=''
CYGPATH_W='echo'
DEFS='-DHAVE_CONFIG_H'
DEPDIR='.deps'
DLLTOOL='false'
DSYMUTIL=''
DUMPBIN=''
ECHO_C=''
ECHO_N='-n'
ECHO_T=''
EGREP='/bin/grep -E'
EXEEXT=''
FGREP='/bin/grep -F'
GREP='/bin/grep'
INSTALL_DATA='${INSTALL} -m 644'
INSTALL_PROGRAM='${INSTALL}'
INSTALL_SCRIPT='${INSTALL}'
INSTALL_STRIP_PROGRAM='$(install_sh) -c -s'
LD='/usr/bin/ld -m elf_x86_64'
LDFLAGS=''
LIBOBJS=''
LIBS=''
LIBTOOL='$(SHELL) $(top_builddir)/libtool'
LIPO=''
LN_S='ln -s'
LTLIBOBJS=''
MAKEINFO='${SHELL} /usr/remote/trinityrnaseq_r2013_08_14/trinity-plugins/jellyfish/missing --run makeinfo'
MANIFEST_TOOL=':'
MD5='md5sum'
MKDIR_P='/bin/mkdir -p'
NM='/usr/bin/nm -B'
NMEDIT=''
OBJDUMP='objdump'
OBJEXT='o'
OTOOL64=''
OTOOL=''
PACKAGE='jellyfish'
PACKAGE_BUGREPORT='gmarcais@umd.edu'
PACKAGE_NAME='jellyfish'
PACKAGE_STRING='jellyfish 1.1.6'
PACKAGE_TARNAME='jellyfish'
PACKAGE_VERSION='1.1.6'
PATH_SEPARATOR=':'
RANLIB='ranlib'
SED='/bin/sed'
SET_MAKE=''
SHELL='/bin/bash'
STRIP='strip'
VERSION='1.1.6'
ac_ct_AR='ar'
ac_ct_CC='gcc'
ac_ct_CXX=''
ac_ct_DUMPBIN=''
am__EXEEXT_FALSE=''
am__EXEEXT_TRUE='#'
am__fastdepCC_FALSE='#'
am__fastdepCC_TRUE=''
am__fastdepCXX_FALSE='#'
am__fastdepCXX_TRUE=''
am__include='include'
am__isrc=''
am__leading_dot='.'
am__quote=''
am__tar='${AMTAR} chof - "$$tardir"'
am__untar='${AMTAR} xf -'
bindir='${exec_prefix}/bin'
build='x86_64-unknown-linux-gnu'
build_alias=''
build_cpu='x86_64'
build_os='linux-gnu'
build_vendor='unknown'
datadir='${datarootdir}'
datarootdir='${prefix}/share'
docdir='${datarootdir}/doc/${PACKAGE_TARNAME}'
dvidir='${docdir}'
exec_prefix='${prefix}'
host='x86_64-unknown-linux-gnu'
host_alias=''
host_cpu='x86_64'
host_os='linux-gnu'
host_vendor='unknown'
htmldir='${docdir}'
includedir='${prefix}/include'
infodir='${datarootdir}/info'
install_sh='${SHELL} /usr/remote/trinityrnaseq_r2013_08_14/trinity-plugins/jellyfish/install-sh'
libdir='${exec_prefix}/lib'
libexecdir='${exec_prefix}/libexec'
localedir='${datarootdir}/locale'
localstatedir='${prefix}/var'
mandir='${datarootdir}/man'
mkdir_p='/bin/mkdir -p'
oldincludedir='/usr/include'
pdfdir='${docdir}'
prefix='/usr/remote/trinityrnaseq_r2013_08_14/trinity-plugins/jellyfish'
program_transform_name='s,x,x,'
psdir='${docdir}'
sbindir='${exec_prefix}/sbin'
sharedstatedir='${prefix}/com'
sysconfdir='${prefix}/etc'
target_alias=''

## ----------- ##
## confdefs.h. ##
## ----------- ##

#define PACKAGE_NAME "jellyfish"
#define PACKAGE_TARNAME "jellyfish"
#define PACKAGE_VERSION "1.1.6"
#define PACKAGE_STRING "jellyfish 1.1.6"
#define PACKAGE_BUGREPORT "gmarcais@umd.edu"
#define PACKAGE "jellyfish"
#define VERSION "1.1.6"
#define STDC_HEADERS 1
#define HAVE_SYS_TYPES_H 1
#define HAVE_SYS_STAT_H 1
#define HAVE_STDLIB_H 1
#define HAVE_STRING_H 1
#define HAVE_MEMORY_H 1
#define HAVE_STRINGS_H 1
#define HAVE_INTTYPES_H 1
#define HAVE_STDINT_H 1
#define HAVE_UNISTD_H 1
#define HAVE_INT128 1
#define HAVE_DECL_STRERROR_R 1
#define HAVE_STRERROR_R 1
#define HAVE_EXECINFO_H 1
#define HAVE_SI_INT 1
#define HAVE_DLFCN_H 1
#define LT_OBJDIR ".libs/"

configure: exit 0
