This file contains any messages produced by compilers while
running configure, to aid debugging if configure makes a mistake.

It was created by Parafly configure 0.1, which was
generated by GNU Autoconf 2.68.  Invocation command line was

  $ ./configure --prefix=/usr/remote/trinityrnaseq_r2013_08_14/trinity-plugins/parafly

## --------- ##
## Platform. ##
## --------- ##

hostname = pbil-deb
uname -m = x86_64
uname -r = 3.2.0-0.bpo.4-amd64
uname -s = Linux
uname -v = #1 SMP Debian 3.2.35-2~bpo60+1

/usr/bin/uname -p = unknown
/bin/uname -X     = unknown

/bin/arch              = unknown
/usr/bin/arch -k       = unknown
/usr/convex/getsysinfo = unknown
/usr/bin/hostinfo      = unknown
/bin/machine           = unknown
/usr/bin/oslevel       = unknown
/bin/universe          = unknown

PATH: /usr/local/sbin
PATH: /usr/local/bin
PATH: /usr/sbin
PATH: /usr/bin
PATH: /sbin
PATH: /bin


## ----------- ##
## Core tests. ##
## ----------- ##

configure:1852: checking for a BSD-compatible install
configure:1920: result: /usr/bin/install -c
configure:1931: checking whether build environment is sane
configure:1981: result: yes
configure:2122: checking for a thread-safe mkdir -p
configure:2161: result: /bin/mkdir -p
configure:2174: checking for gawk
configure:2190: found /usr/bin/gawk
configure:2201: result: gawk
configure:2212: checking whether make sets $(MAKE)
configure:2234: result: yes
configure:2378: checking for g++
configure:2394: found /usr/bin/g++
configure:2405: result: g++
configure:2432: checking for C++ compiler version
configure:2441: g++ --version >&5
g++ (Debian 4.6.3-1) 4.6.3
Copyright (C) 2011 Free Software Foundation, Inc.
This is free software; see the source for copying conditions.  There is NO
warranty; not even for MERCHANTABILITY or FITNESS FOR A PARTICULAR PURPOSE.

configure:2452: $? = 0
configure:2441: g++ -v >&5
Using built-in specs.
COLLECT_GCC=g++
COLLECT_LTO_WRAPPER=/usr/lib/gcc/x86_64-linux-gnu/4.6/lto-wrapper
Target: x86_64-linux-gnu
Configured with: ../src/configure -v --with-pkgversion='Debian 4.6.3-1' --with-bugurl=file:///usr/share/doc/gcc-4.6/README.Bugs --enable-languages=c,c++,fortran,objc,obj-c++,go --prefix=/usr --program-suffix=-4.6 --enable-shared --enable-linker-build-id --with-system-zlib --libexecdir=/usr/lib --without-included-gettext --enable-threads=posix --with-gxx-include-dir=/usr/include/c++/4.6 --libdir=/usr/lib --enable-nls --with-sysroot=/ --enable-clocale=gnu --enable-libstdcxx-debug --enable-libstdcxx-time=yes --enable-plugin --enable-objc-gc --with-arch-32=i586 --with-tune=generic --enable-checking=release --build=x86_64-linux-gnu --host=x86_64-linux-gnu --target=x86_64-linux-gnu
Thread model: posix
gcc version 4.6.3 (Debian 4.6.3-1) 
configure:2452: $? = 0
configure:2441: g++ -V >&5
g++: error: unrecognized option '-V'
g++: fatal error: no input files
compilation terminated.
configure:2452: $? = 4
configure:2441: g++ -qversion >&5
g++: error: unrecognized option '-qversion'
g++: fatal error: no input files
compilation terminated.
configure:2452: $? = 4
configure:2472: checking whether the C++ compiler works
configure:2494: g++    conftest.cpp  >&5
configure:2498: $? = 0
configure:2546: result: yes
configure:2549: checking for C++ compiler default output file name
configure:2551: result: a.out
configure:2557: checking for suffix of executables
configure:2564: g++ -o conftest    conftest.cpp  >&5
configure:2568: $? = 0
configure:2590: result: 
configure:2612: checking whether we are cross compiling
configure:2620: g++ -o conftest    conftest.cpp  >&5
configure:2624: $? = 0
configure:2631: ./conftest
configure:2635: $? = 0
configure:2650: result: no
configure:2655: checking for suffix of object files
configure:2677: g++ -c   conftest.cpp >&5
configure:2681: $? = 0
configure:2702: result: o
configure:2706: checking whether we are using the GNU C++ compiler
configure:2725: g++ -c   conftest.cpp >&5
configure:2725: $? = 0
configure:2734: result: yes
configure:2743: checking whether g++ accepts -g
configure:2763: g++ -c -g  conftest.cpp >&5
configure:2763: $? = 0
configure:2804: result: yes
configure:2838: checking for style of include used by make
configure:2866: result: GNU
configure:2892: checking dependency style of g++
configure:3003: result: gcc3
configure:3030: checking for library containing cos
configure:3061: g++ -o conftest -g -O2   conftest.cpp  >&5
configure:3061: $? = 0
configure:3078: result: none required
configure:3220: creating ./config.status

## ---------------------- ##
## Running config.status. ##
## ---------------------- ##

This file was extended by Parafly config.status 0.1, which was
generated by GNU Autoconf 2.68.  Invocation command line was

  CONFIG_FILES    = 
  CONFIG_HEADERS  = 
  CONFIG_LINKS    = 
  CONFIG_COMMANDS = 
  $ ./config.status 

on pbil-deb

config.status:849: creating Makefile
config.status:849: creating src/Makefile
config.status:849: creating config.h
config.status:1030: config.h is unchanged
config.status:1078: executing depfiles commands

## ---------------- ##
## Cache variables. ##
## ---------------- ##

ac_cv_cxx_compiler_gnu=yes
ac_cv_env_CCC_set=
ac_cv_env_CCC_value=
ac_cv_env_CPPFLAGS_set=
ac_cv_env_CPPFLAGS_value=
ac_cv_env_CXXFLAGS_set=
ac_cv_env_CXXFLAGS_value=
ac_cv_env_CXX_set=
ac_cv_env_CXX_value=
ac_cv_env_LDFLAGS_set=
ac_cv_env_LDFLAGS_value=
ac_cv_env_LIBS_set=
ac_cv_env_LIBS_value=
ac_cv_env_build_alias_set=
ac_cv_env_build_alias_value=
ac_cv_env_host_alias_set=
ac_cv_env_host_alias_value=
ac_cv_env_target_alias_set=
ac_cv_env_target_alias_value=
ac_cv_objext=o
ac_cv_path_install='/usr/bin/install -c'
ac_cv_path_mkdir=/bin/mkdir
ac_cv_prog_AWK=gawk
ac_cv_prog_ac_ct_CXX=g++
ac_cv_prog_cxx_g=yes
ac_cv_prog_make_make_set=yes
ac_cv_search_cos='none required'
am_cv_CXX_dependencies_compiler_type=gcc3

## ----------------- ##
## Output variables. ##
## ----------------- ##

ACLOCAL='${SHELL} /usr/remote/trinityrnaseq_r2013_08_14/trinity-plugins/parafly/missing --run aclocal-1.11'
AMDEPBACKSLASH='\'
AMDEP_FALSE='#'
AMDEP_TRUE=''
AMTAR='$${TAR-tar}'
AM_CXXFLAGS='-pedantic -fopenmp -Wall -Wextra -Wno-long-long -Wno-deprecated -m64'
AUTOCONF='${SHELL} /usr/remote/trinityrnaseq_r2013_08_14/trinity-plugins/parafly/missing --run autoconf'
AUTOHEADER='${SHELL} /usr/remote/trinityrnaseq_r2013_08_14/trinity-plugins/parafly/missing --run autoheader'
AUTOMAKE='${SHELL} /usr/remote/trinityrnaseq_r2013_08_14/trinity-plugins/parafly/missing --run automake-1.11'
AWK='gawk'
CPPFLAGS=''
CXX='g++'
CXXDEPMODE='depmode=gcc3'
CXXFLAGS='-g -O2'
CYGPATH_W='echo'
DEFS='-DHAVE_CONFIG_H'
DEPDIR='.deps'
ECHO_C=''
ECHO_N='-n'
ECHO_T=''
EXEEXT=''
INSTALL_DATA='${INSTALL} -m 644'
INSTALL_PROGRAM='${INSTALL}'
INSTALL_SCRIPT='${INSTALL}'
INSTALL_STRIP_PROGRAM='$(install_sh) -c -s'
LDFLAGS=''
LIBOBJS=''
LIBS=''
LTLIBOBJS=''
MAKEINFO='${SHELL} /usr/remote/trinityrnaseq_r2013_08_14/trinity-plugins/parafly/missing --run makeinfo'
MKDIR_P='/bin/mkdir -p'
OBJEXT='o'
PACKAGE='parafly'
PACKAGE_BUGREPORT='bug-report@address'
PACKAGE_NAME='Parafly'
PACKAGE_STRING='Parafly 0.1'
PACKAGE_TARNAME='parafly'
PACKAGE_URL=''
PACKAGE_VERSION='0.1'
PATH_SEPARATOR=':'
SET_MAKE=''
SHELL='/bin/bash'
STRIP=''
VERSION='0.1'
ac_ct_CXX='g++'
am__EXEEXT_FALSE=''
am__EXEEXT_TRUE='#'
am__fastdepCXX_FALSE='#'
am__fastdepCXX_TRUE=''
am__include='include'
am__isrc=''
am__leading_dot='.'
am__nodep='_no'
am__quote=''
am__tar='$${TAR-tar} chof - "$$tardir"'
am__untar='$${TAR-tar} xf -'
bindir='${exec_prefix}/bin'
build_alias=''
datadir='${datarootdir}'
datarootdir='${prefix}/share'
docdir='${datarootdir}/doc/${PACKAGE_TARNAME}'
dvidir='${docdir}'
exec_prefix='${prefix}'
host_alias=''
htmldir='${docdir}'
includedir='${prefix}/include'
infodir='${datarootdir}/info'
install_sh='${SHELL} /usr/remote/trinityrnaseq_r2013_08_14/trinity-plugins/parafly/install-sh'
libdir='${exec_prefix}/lib'
libexecdir='${exec_prefix}/libexec'
localedir='${datarootdir}/locale'
localstatedir='${prefix}/var'
mandir='${datarootdir}/man'
mkdir_p='/bin/mkdir -p'
oldincludedir='/usr/include'
pdfdir='${docdir}'
prefix='/usr/remote/trinityrnaseq_r2013_08_14/trinity-plugins/parafly'
program_transform_name='s,x,x,'
psdir='${docdir}'
sbindir='${exec_prefix}/sbin'
sharedstatedir='${prefix}/com'
sysconfdir='${prefix}/etc'
target_alias=''

## ----------- ##
## confdefs.h. ##
## ----------- ##

/* confdefs.h */
#define PACKAGE_NAME "Parafly"
#define PACKAGE_TARNAME "parafly"
#define PACKAGE_VERSION "0.1"
#define PACKAGE_STRING "Parafly 0.1"
#define PACKAGE_BUGREPORT "bug-report@address"
#define PACKAGE_URL ""
#define PACKAGE "parafly"
#define VERSION "0.1"

configure: exit 0
