This file contains any messages produced by compilers while
running configure, to aid debugging if configure makes a mistake.

It was created by Inchworm configure 0.1, which was
generated by GNU Autoconf 2.59.  Invocation command line was

  $ ./configure --prefix=/usr/remote/trinityrnaseq_r2013_08_14/Inchworm

## --------- ##
## Platform. ##
## --------- ##

hostname = pbil-deb
uname -m = x86_64
uname -r = 3.2.0-0.bpo.4-amd64
uname -s = Linux
uname -v = #1 SMP Debian 3.2.35-2~bpo60+1

/usr/bin/uname -p = unknown
/bin/uname -X     = unknown

/bin/arch              = unknown
/usr/bin/arch -k       = unknown
/usr/convex/getsysinfo = unknown
hostinfo               = unknown
/bin/machine           = unknown
/usr/bin/oslevel       = unknown
/bin/universe          = unknown

PATH: /usr/local/sbin
PATH: /usr/local/bin
PATH: /usr/sbin
PATH: /usr/bin
PATH: /sbin
PATH: /bin


## ----------- ##
## Core tests. ##
## ----------- ##

configure:1309: checking for a BSD-compatible install
configure:1364: result: /usr/bin/install -c
configure:1375: checking whether build environment is sane
configure:1418: result: yes
configure:1483: checking for gawk
configure:1499: found /usr/bin/gawk
configure:1509: result: gawk
configure:1519: checking whether make sets $(MAKE)
configure:1539: result: yes
configure:1765: checking for g++
configure:1781: found /usr/bin/g++
configure:1791: result: g++
configure:1807: checking for C++ compiler version
configure:1810: g++ --version </dev/null >&5
g++ (Debian 4.6.3-1) 4.6.3
Copyright (C) 2011 Free Software Foundation, Inc.
This is free software; see the source for copying conditions.  There is NO
warranty; not even for MERCHANTABILITY or FITNESS FOR A PARTICULAR PURPOSE.

configure:1813: $? = 0
configure:1815: g++ -v </dev/null >&5
Using built-in specs.
COLLECT_GCC=g++
COLLECT_LTO_WRAPPER=/usr/lib/gcc/x86_64-linux-gnu/4.6/lto-wrapper
Target: x86_64-linux-gnu
Configured with: ../src/configure -v --with-pkgversion='Debian 4.6.3-1' --with-bugurl=file:///usr/share/doc/gcc-4.6/README.Bugs --enable-languages=c,c++,fortran,objc,obj-c++,go --prefix=/usr --program-suffix=-4.6 --enable-shared --enable-linker-build-id --with-system-zlib --libexecdir=/usr/lib --without-included-gettext --enable-threads=posix --with-gxx-include-dir=/usr/include/c++/4.6 --libdir=/usr/lib --enable-nls --with-sysroot=/ --enable-clocale=gnu --enable-libstdcxx-debug --enable-libstdcxx-time=yes --enable-plugin --enable-objc-gc --with-arch-32=i586 --with-tune=generic --enable-checking=release --build=x86_64-linux-gnu --host=x86_64-linux-gnu --target=x86_64-linux-gnu
Thread model: posix
gcc version 4.6.3 (Debian 4.6.3-1) 
configure:1818: $? = 0
configure:1820: g++ -V </dev/null >&5
g++: error: unrecognized option '-V'
g++: fatal error: no input files
compilation terminated.
configure:1823: $? = 4
configure:1846: checking for C++ compiler default output file name
configure:1849: g++    conftest.cc  >&5
configure:1852: $? = 0
configure:1898: result: a.out
configure:1903: checking whether the C++ compiler works
configure:1909: ./a.out
configure:1912: $? = 0
configure:1929: result: yes
configure:1936: checking whether we are cross compiling
configure:1938: result: no
configure:1941: checking for suffix of executables
configure:1943: g++ -o conftest    conftest.cc  >&5
configure:1946: $? = 0
configure:1971: result: 
configure:1977: checking for suffix of object files
configure:1998: g++ -c   conftest.cc >&5
configure:2001: $? = 0
configure:2023: result: o
configure:2027: checking whether we are using the GNU C++ compiler
configure:2051: g++ -c   conftest.cc >&5
configure:2057: $? = 0
configure:2061: test -z 
			 || test ! -s conftest.err
configure:2064: $? = 0
configure:2067: test -s conftest.o
configure:2070: $? = 0
configure:2083: result: yes
configure:2089: checking whether g++ accepts -g
configure:2110: g++ -c -g  conftest.cc >&5
configure:2116: $? = 0
configure:2120: test -z 
			 || test ! -s conftest.err
configure:2123: $? = 0
configure:2126: test -s conftest.o
configure:2129: $? = 0
configure:2140: result: yes
configure:2182: g++ -c -g -O2  conftest.cc >&5
configure:2188: $? = 0
configure:2192: test -z 
			 || test ! -s conftest.err
configure:2195: $? = 0
configure:2198: test -s conftest.o
configure:2201: $? = 0
configure:2227: g++ -c -g -O2  conftest.cc >&5
conftest.cc: In function 'int main()':
conftest.cc:15:9: error: 'exit' was not declared in this scope
configure:2233: $? = 1
configure: failed program was:
| /* confdefs.h.  */
| 
| #define PACKAGE_NAME "Inchworm"
| #define PACKAGE_TARNAME "inchworm"
| #define PACKAGE_VERSION "0.1"
| #define PACKAGE_STRING "Inchworm 0.1"
| #define PACKAGE_BUGREPORT "bug-report@address"
| #define PACKAGE "inchworm"
| #define VERSION "0.1"
| /* end confdefs.h.  */
| 
| int
| main ()
| {
| exit (42);
|   ;
|   return 0;
| }
configure:2182: g++ -c -g -O2  conftest.cc >&5
conftest.cc:11:40: error: 'void std::exit(int)' should have been declared inside 'std'
configure:2188: $? = 1
configure: failed program was:
| /* confdefs.h.  */
| 
| #define PACKAGE_NAME "Inchworm"
| #define PACKAGE_TARNAME "inchworm"
| #define PACKAGE_VERSION "0.1"
| #define PACKAGE_STRING "Inchworm 0.1"
| #define PACKAGE_BUGREPORT "bug-report@address"
| #define PACKAGE "inchworm"
| #define VERSION "0.1"
| /* end confdefs.h.  */
| extern "C" void std::exit (int) throw (); using std::exit;
| #include <stdlib.h>
| int
| main ()
| {
| exit (42);
|   ;
|   return 0;
| }
configure:2182: g++ -c -g -O2  conftest.cc >&5
conftest.cc:11:31: error: 'void std::exit(int)' should have been declared inside 'std'
In file included from conftest.cc:12:0:
/usr/include/stdlib.h:542:70: error: declaration of 'void std::exit(int) throw ()' has a different exception specifier
conftest.cc:11:17: error: from previous declaration 'void std::exit(int)'
configure:2188: $? = 1
configure: failed program was:
| /* confdefs.h.  */
| 
| #define PACKAGE_NAME "Inchworm"
| #define PACKAGE_TARNAME "inchworm"
| #define PACKAGE_VERSION "0.1"
| #define PACKAGE_STRING "Inchworm 0.1"
| #define PACKAGE_BUGREPORT "bug-report@address"
| #define PACKAGE "inchworm"
| #define VERSION "0.1"
| /* end confdefs.h.  */
| extern "C" void std::exit (int); using std::exit;
| #include <stdlib.h>
| int
| main ()
| {
| exit (42);
|   ;
|   return 0;
| }
configure:2182: g++ -c -g -O2  conftest.cc >&5
configure:2188: $? = 0
configure:2192: test -z 
			 || test ! -s conftest.err
configure:2195: $? = 0
configure:2198: test -s conftest.o
configure:2201: $? = 0
configure:2227: g++ -c -g -O2  conftest.cc >&5
configure:2233: $? = 0
configure:2237: test -z 
			 || test ! -s conftest.err
configure:2240: $? = 0
configure:2243: test -s conftest.o
configure:2246: $? = 0
configure:2280: checking for style of include used by make
configure:2308: result: GNU
configure:2336: checking dependency style of g++
configure:2426: result: gcc3
configure:2455: checking for library containing cos
configure:2485: g++ -o conftest -g -O2   conftest.cc  >&5
configure:2491: $? = 0
configure:2495: test -z 
			 || test ! -s conftest.err
configure:2498: $? = 0
configure:2501: test -s conftest
configure:2504: $? = 0
configure:2574: result: none required
configure:2694: creating ./config.status

## ---------------------- ##
## Running config.status. ##
## ---------------------- ##

This file was extended by Inchworm config.status 0.1, which was
generated by GNU Autoconf 2.59.  Invocation command line was

  CONFIG_FILES    = 
  CONFIG_HEADERS  = 
  CONFIG_LINKS    = 
  CONFIG_COMMANDS = 
  $ ./config.status 

on pbil-deb

config.status:689: creating Makefile
config.status:689: creating src/Makefile
config.status:793: creating config.h
config.status:879: config.h is unchanged
config.status:1059: executing depfiles commands

## ---------------- ##
## Cache variables. ##
## ---------------- ##

ac_cv_cxx_compiler_gnu=yes
ac_cv_env_CPPFLAGS_set=
ac_cv_env_CPPFLAGS_value=
ac_cv_env_CXXFLAGS_set=
ac_cv_env_CXXFLAGS_value=
ac_cv_env_CXX_set=
ac_cv_env_CXX_value=
ac_cv_env_LDFLAGS_set=
ac_cv_env_LDFLAGS_value=
ac_cv_env_build_alias_set=
ac_cv_env_build_alias_value=
ac_cv_env_host_alias_set=
ac_cv_env_host_alias_value=
ac_cv_env_target_alias_set=
ac_cv_env_target_alias_value=
ac_cv_exeext=
ac_cv_objext=o
ac_cv_path_install='/usr/bin/install -c'
ac_cv_prog_AWK=gawk
ac_cv_prog_ac_ct_CXX=g++
ac_cv_prog_cxx_g=yes
ac_cv_prog_make_make_set=yes
ac_cv_search_cos='none required'
am_cv_CXX_dependencies_compiler_type=gcc3

## ----------------- ##
## Output variables. ##
## ----------------- ##

ACLOCAL='${SHELL} /usr/remote/trinityrnaseq_r2013_08_14/Inchworm/missing --run aclocal-1.9'
AMDEPBACKSLASH='\'
AMDEP_FALSE='#'
AMDEP_TRUE=''
AMTAR='${SHELL} /usr/remote/trinityrnaseq_r2013_08_14/Inchworm/missing --run tar'
AM_CXXFLAGS='-pedantic -fopenmp -Wall -Wextra -Wno-long-long -Wno-deprecated -m64'
AUTOCONF='${SHELL} /usr/remote/trinityrnaseq_r2013_08_14/Inchworm/missing --run autoconf'
AUTOHEADER='${SHELL} /usr/remote/trinityrnaseq_r2013_08_14/Inchworm/missing --run autoheader'
AUTOMAKE='${SHELL} /usr/remote/trinityrnaseq_r2013_08_14/Inchworm/missing --run automake-1.9'
AWK='gawk'
CPPFLAGS=''
CXX='g++'
CXXDEPMODE='depmode=gcc3'
CXXFLAGS='-g -O2'
CYGPATH_W='echo'
DEFS='-DHAVE_CONFIG_H'
DEPDIR='.deps'
ECHO_C=''
ECHO_N='-n'
ECHO_T=''
EXEEXT=''
INSTALL_DATA='${INSTALL} -m 644'
INSTALL_PROGRAM='${INSTALL}'
INSTALL_SCRIPT='${INSTALL}'
INSTALL_STRIP_PROGRAM='${SHELL} $(install_sh) -c -s'
LDFLAGS=''
LIBOBJS=''
LIBS=''
LTLIBOBJS=''
MAKEINFO='${SHELL} /usr/remote/trinityrnaseq_r2013_08_14/Inchworm/missing --run makeinfo'
OBJEXT='o'
PACKAGE='inchworm'
PACKAGE_BUGREPORT='bug-report@address'
PACKAGE_NAME='Inchworm'
PACKAGE_STRING='Inchworm 0.1'
PACKAGE_TARNAME='inchworm'
PACKAGE_VERSION='0.1'
PATH_SEPARATOR=':'
SET_MAKE=''
SHELL='/bin/bash'
STRIP=''
VERSION='0.1'
ac_ct_CXX='g++'
ac_ct_STRIP=''
am__fastdepCXX_FALSE='#'
am__fastdepCXX_TRUE=''
am__include='include'
am__leading_dot='.'
am__quote=''
am__tar='${AMTAR} chof - "$$tardir"'
am__untar='${AMTAR} xf -'
bindir='${exec_prefix}/bin'
build_alias=''
datadir='${prefix}/share'
exec_prefix='${prefix}'
host_alias=''
includedir='${prefix}/include'
infodir='${prefix}/info'
install_sh='/usr/remote/trinityrnaseq_r2013_08_14/Inchworm/install-sh'
libdir='${exec_prefix}/lib'
libexecdir='${exec_prefix}/libexec'
localstatedir='${prefix}/var'
mandir='${prefix}/man'
mkdir_p='mkdir -p --'
oldincludedir='/usr/include'
prefix='/usr/remote/trinityrnaseq_r2013_08_14/Inchworm'
program_transform_name='s,x,x,'
sbindir='${exec_prefix}/sbin'
sharedstatedir='${prefix}/com'
sysconfdir='${prefix}/etc'
target_alias=''

## ----------- ##
## confdefs.h. ##
## ----------- ##

#define PACKAGE "inchworm"
#define PACKAGE_BUGREPORT "bug-report@address"
#define PACKAGE_NAME "Inchworm"
#define PACKAGE_STRING "Inchworm 0.1"
#define PACKAGE_TARNAME "inchworm"
#define PACKAGE_VERSION "0.1"
#define VERSION "0.1"
#endif
#ifdef __cplusplus
extern "C" void exit (int) throw ();

configure: exit 0
