
Tandem Repeats Finder, Version 4.04
Copyright (C) Dr. Gary Benson 1999-2004. All rights reserved.

Loading sequence...
Allocating Memory...
Initializing data structures...
Computing TR Model Statistics...
Scanning Sequence 1...
.......................

Freeing Memory...
Resolving output...
Done.
Loading sequence file...
Allocating Memory...
Initializing data structures...
Computing TR Model Statistics...
Scanning Sequence 2...
.........................

Freeing Memory...
Resolving output...
Done.
Loading sequence file...
Allocating Memory...
Initializing data structures...
Computing TR Model Statistics...
Scanning Sequence 3...
..................................

Freeing Memory...
Resolving output...
Done.
Loading sequence file...
Allocating Memory...
Initializing data structures...
Computing TR Model Statistics...
Scanning Sequence 4...
................................

Freeing Memory...
Resolving output...
Done.
Loading sequence file...
Allocating Memory...
Initializing data structures...
Computing TR Model Statistics...
Scanning Sequence 5...
...................................................

Freeing Memory...
Resolving output...
Done.
Loading sequence file...
Allocating Memory...
Initializing data structures...
Computing TR Model Statistics...
Scanning Sequence 6...
.......................

Freeing Memory...
Resolving output...
Done.
Loading sequence file...
Allocating Memory...
Initializing data structures...
Computing TR Model Statistics...
Scanning Sequence 7...
......................

Freeing Memory...
Resolving output...
Done.
Loading sequence file...
Allocating Memory...
Initializing data structures...
Computing TR Model Statistics...
Scanning Sequence 8...
.......................

Freeing Memory...
Resolving output...
Done.
Loading sequence file...
Allocating Memory...
Initializing data structures...
Computing TR Model Statistics...
Scanning Sequence 9...
.......................

Freeing Memory...
Resolving output...
Done.
Loading sequence file...
Allocating Memory...
Initializing data structures...
Computing TR Model Statistics...
Scanning Sequence 10...
...............................................

Freeing Memory...
Resolving output...
Done.
Loading sequence file...
Allocating Memory...
Initializing data structures...
Computing TR Model Statistics...
Scanning Sequence 11...
.................................................

Freeing Memory...
Resolving output...
Done.
Loading sequence file...
Allocating Memory...
Initializing data structures...
Computing TR Model Statistics...
Scanning Sequence 12...
.........................

Freeing Memory...
Resolving output...
Done.
Loading sequence file...
Allocating Memory...
Initializing data structures...
Computing TR Model Statistics...
Scanning Sequence 13...
.................................

Freeing Memory...
Resolving output...
Done.
Loading sequence file...
Allocating Memory...
Initializing data structures...
Computing TR Model Statistics...
Scanning Sequence 14...
........................

Freeing Memory...
Resolving output...
Done.
Loading sequence file...
Allocating Memory...
Initializing data structures...
Computing TR Model Statistics...
Scanning Sequence 15...
........................................................

Freeing Memory...
Resolving output...
Done.
Loading sequence file...
Allocating Memory...
Initializing data structures...
Computing TR Model Statistics...
Scanning Sequence 16...
...................................

Freeing Memory...
Resolving output...
Done.
Loading sequence file...
Allocating Memory...
Initializing data structures...
Computing TR Model Statistics...
Scanning Sequence 17...
...............................................................

Freeing Memory...
Resolving output...
Done.
Loading sequence file...
Allocating Memory...
Initializing data structures...
Computing TR Model Statistics...
Scanning Sequence 18...
................................

Freeing Memory...
Resolving output...
Done.
Loading sequence file...
Allocating Memory...
Initializing data structures...
Computing TR Model Statistics...
Scanning Sequence 19...
..........................

Freeing Memory...
Resolving output...
Done.
Loading sequence file...
Allocating Memory...
Initializing data structures...
Computing TR Model Statistics...
Scanning Sequence 20...
............................................................

Freeing Memory...
Resolving output...
Done.
Loading sequence file...
Allocating Memory...
Initializing data structures...
Computing TR Model Statistics...
Scanning Sequence 21...
.........................................

Freeing Memory...
Resolving output...
Done.
Loading sequence file...
Allocating Memory...
Initializing data structures...
Computing TR Model Statistics...
Scanning Sequence 22...
.....................

Freeing Memory...
Resolving output...
Done.
Loading sequence file...
Allocating Memory...
Initializing data structures...
Computing TR Model Statistics...
Scanning Sequence 23...
........................................

Freeing Memory...
Resolving output...
Done.
Loading sequence file...
Allocating Memory...
Initializing data structures...
Computing TR Model Statistics...
Scanning Sequence 24...
....................................................

Freeing Memory...
Resolving output...
Done.
Loading sequence file...
Allocating Memory...
Initializing data structures...
Computing TR Model Statistics...
Scanning Sequence 25...
..................................................

Freeing Memory...
Resolving output...
Done.
Loading sequence file...
Allocating Memory...
Initializing data structures...
Computing TR Model Statistics...
Scanning Sequence 26...
.....................................

Freeing Memory...
Resolving output...
Done.
Loading sequence file...
Allocating Memory...
Initializing data structures...
Computing TR Model Statistics...
Scanning Sequence 27...
..............................................................

Freeing Memory...
Resolving output...
Done.
Loading sequence file...
Allocating Memory...
Initializing data structures...
Computing TR Model Statistics...
Scanning Sequence 28...
..........................

Freeing Memory...
Resolving output...
Done.
Loading sequence file...
Allocating Memory...
Initializing data structures...
Computing TR Model Statistics...
Scanning Sequence 29...
..........................

Freeing Memory...
Resolving output...
Done.
Loading sequence file...
Allocating Memory...
Initializing data structures...
Computing TR Model Statistics...
Scanning Sequence 30...
.....................................................................

Freeing Memory...
Resolving output...
Done.
Loading sequence file...
Allocating Memory...
Initializing data structures...
Computing TR Model Statistics...
Scanning Sequence 31...
.............................................

Freeing Memory...
Resolving output...
Done.
Loading sequence file...
Allocating Memory...
Initializing data structures...
Computing TR Model Statistics...
Scanning Sequence 32...
..............................................................

Freeing Memory...
Resolving output...
Done.
Loading sequence file...
Allocating Memory...
Initializing data structures...
Computing TR Model Statistics...
Scanning Sequence 33...
.............................................................

Freeing Memory...
Resolving output...
Done.
Loading sequence file...
Allocating Memory...
Initializing data structures...
Computing TR Model Statistics...
Scanning Sequence 34...
.................................................

Freeing Memory...
Resolving output...
Done.
Loading sequence file...
Allocating Memory...
Initializing data structures...
Computing TR Model Statistics...
Scanning Sequence 35...
...............................

Freeing Memory...
Resolving output...
Done.
Loading sequence file...
Allocating Memory...
Initializing data structures...
Computing TR Model Statistics...
Scanning Sequence 36...
..............................................................

Freeing Memory...
Resolving output...
Done.
Loading sequence file...
Allocating Memory...
Initializing data structures...
Computing TR Model Statistics...
Scanning Sequence 37...
.....................................................................

Freeing Memory...
Resolving output...
Done.
Loading sequence file...
Allocating Memory...
Initializing data structures...
Computing TR Model Statistics...
Scanning Sequence 38...
........................................

Freeing Memory...
Resolving output...
Done.
Loading sequence file...
Allocating Memory...
Initializing data structures...
Computing TR Model Statistics...
Scanning Sequence 39...
...........................................

Freeing Memory...
Resolving output...
Done.
Loading sequence file...
Allocating Memory...
Initializing data structures...
Computing TR Model Statistics...
Scanning Sequence 40...
.................................................

Freeing Memory...
Resolving output...
Done.
Loading sequence file...
Allocating Memory...
Initializing data structures...
Computing TR Model Statistics...
Scanning Sequence 41...
........................

Freeing Memory...
Resolving output...
Done.
Loading sequence file...
Allocating Memory...
Initializing data structures...
Computing TR Model Statistics...
Scanning Sequence 42...
...............................

Freeing Memory...
Resolving output...
Done.
Loading sequence file...
Allocating Memory...
Initializing data structures...
Computing TR Model Statistics...
Scanning Sequence 43...
..........................

Freeing Memory...
Resolving output...
Done.
Loading sequence file...
Allocating Memory...
Initializing data structures...
Computing TR Model Statistics...
Scanning Sequence 44...
....................

Freeing Memory...
Resolving output...
Done.
Loading sequence file...
Allocating Memory...
Initializing data structures...
Computing TR Model Statistics...
Scanning Sequence 45...
....................................

Freeing Memory...
Resolving output...
Done.
Loading sequence file...
Allocating Memory...
Initializing data structures...
Computing TR Model Statistics...
Scanning Sequence 46...
.........................

Freeing Memory...
Resolving output...
Done.
Loading sequence file...
Allocating Memory...
Initializing data structures...
Computing TR Model Statistics...
Scanning Sequence 47...
....................................................................

Freeing Memory...
Resolving output...
Done.
Loading sequence file...
Allocating Memory...
Initializing data structures...
Computing TR Model Statistics...
Scanning Sequence 48...
.....................

Freeing Memory...
Resolving output...
Done.
Loading sequence file...
Allocating Memory...
Initializing data structures...
Computing TR Model Statistics...
Scanning Sequence 49...
.............................

Freeing Memory...
Resolving output...
Done.
Loading sequence file...
Allocating Memory...
Initializing data structures...
Computing TR Model Statistics...
Scanning Sequence 50...
....................................................

Freeing Memory...
Resolving output...
Done.
Loading sequence file...
Allocating Memory...
Initializing data structures...
Computing TR Model Statistics...
Scanning Sequence 51...
..............................

Freeing Memory...
Resolving output...
Done.
Loading sequence file...
Allocating Memory...
Initializing data structures...
Computing TR Model Statistics...
Scanning Sequence 52...
.................................

Freeing Memory...
Resolving output...
Done.
Loading sequence file...
Allocating Memory...
Initializing data structures...
Computing TR Model Statistics...
Scanning Sequence 53...
.......................

Freeing Memory...
Resolving output...
Done.
Loading sequence file...
Allocating Memory...
Initializing data structures...
Computing TR Model Statistics...
Scanning Sequence 54...
........................................

Freeing Memory...
Resolving output...
Done.
Loading sequence file...
Allocating Memory...
Initializing data structures...
Computing TR Model Statistics...
Scanning Sequence 55...
...................................................

Freeing Memory...
Resolving output...
Done.
Loading sequence file...
Allocating Memory...
Initializing data structures...
Computing TR Model Statistics...
Scanning Sequence 56...
...........................................

Freeing Memory...
Resolving output...
Done.
Loading sequence file...
Allocating Memory...
Initializing data structures...
Computing TR Model Statistics...
Scanning Sequence 57...
..............................

Freeing Memory...
Resolving output...
Done.
Loading sequence file...
Allocating Memory...
Initializing data structures...
Computing TR Model Statistics...
Scanning Sequence 58...
.........................

Freeing Memory...
Resolving output...
Done.
Loading sequence file...
Allocating Memory...
Initializing data structures...
Computing TR Model Statistics...
Scanning Sequence 59...
........................

Freeing Memory...
Resolving output...
Done.
Loading sequence file...
Allocating Memory...
Initializing data structures...
Computing TR Model Statistics...
Scanning Sequence 60...
................................................

Freeing Memory...
Resolving output...
Done.
Loading sequence file...
Allocating Memory...
Initializing data structures...
Computing TR Model Statistics...
Scanning Sequence 61...
......................

Freeing Memory...
Resolving output...
Done.
Loading sequence file...
Allocating Memory...
Initializing data structures...
Computing TR Model Statistics...
Scanning Sequence 62...
............................................................

Freeing Memory...
Resolving output...
Done.
Loading sequence file...
Allocating Memory...
Initializing data structures...
Computing TR Model Statistics...
Scanning Sequence 63...
.................................

Freeing Memory...
Resolving output...
Done.
Loading sequence file...
Allocating Memory...
Initializing data structures...
Computing TR Model Statistics...
Scanning Sequence 64...
.........................

Freeing Memory...
Resolving output...
Done.
Loading sequence file...
Allocating Memory...
Initializing data structures...
Computing TR Model Statistics...
Scanning Sequence 65...
.......................

Freeing Memory...
Resolving output...
Done.
Loading sequence file...
Allocating Memory...
Initializing data structures...
Computing TR Model Statistics...
Scanning Sequence 66...
...........................

Freeing Memory...
Resolving output...
Done.
Loading sequence file...
Allocating Memory...
Initializing data structures...
Computing TR Model Statistics...
Scanning Sequence 67...
......................

Freeing Memory...
Resolving output...
Done.
Loading sequence file...
Allocating Memory...
Initializing data structures...
Computing TR Model Statistics...
Scanning Sequence 68...
......................................................

Freeing Memory...
Resolving output...
Done.
Loading sequence file...
Allocating Memory...
Initializing data structures...
Computing TR Model Statistics...
Scanning Sequence 69...
...................................................................

Freeing Memory...
Resolving output...
Done.
Loading sequence file...
Allocating Memory...
Initializing data structures...
Computing TR Model Statistics...
Scanning Sequence 70...
..............................

Freeing Memory...
Resolving output...
Done.
Loading sequence file...
Allocating Memory...
Initializing data structures...
Computing TR Model Statistics...
Scanning Sequence 71...
..........................

Freeing Memory...
Resolving output...
Done.
Loading sequence file...
Allocating Memory...
Initializing data structures...
Computing TR Model Statistics...
Scanning Sequence 72...
...................................................

Freeing Memory...
Resolving output...
Done.
Loading sequence file...
Allocating Memory...
Initializing data structures...
Computing TR Model Statistics...
Scanning Sequence 73...
................................

Freeing Memory...
Resolving output...
Done.
Loading sequence file...
Allocating Memory...
Initializing data structures...
Computing TR Model Statistics...
Scanning Sequence 74...
................................

Freeing Memory...
Resolving output...
Done.
Loading sequence file...
Allocating Memory...
Initializing data structures...
Computing TR Model Statistics...
Scanning Sequence 75...
..........................

Freeing Memory...
Resolving output...
Done.
Loading sequence file...
Allocating Memory...
Initializing data structures...
Computing TR Model Statistics...
Scanning Sequence 76...
.........................

Freeing Memory...
Resolving output...
Done.
Loading sequence file...
Allocating Memory...
Initializing data structures...
Computing TR Model Statistics...
Scanning Sequence 77...
................................................

Freeing Memory...
Resolving output...
Done.
Loading sequence file...
Allocating Memory...
Initializing data structures...
Computing TR Model Statistics...
Scanning Sequence 78...
.......................

Freeing Memory...
Resolving output...
Done.
Loading sequence file...
Allocating Memory...
Initializing data structures...
Computing TR Model Statistics...
Scanning Sequence 79...
.............................................

Freeing Memory...
Resolving output...
Done.
Loading sequence file...
Allocating Memory...
Initializing data structures...
Computing TR Model Statistics...
Scanning Sequence 80...
....................................

Freeing Memory...
Resolving output...
Done.
Loading sequence file...
Allocating Memory...
Initializing data structures...
Computing TR Model Statistics...
Scanning Sequence 81...
......................

Freeing Memory...
Resolving output...
Done.
Loading sequence file...
Allocating Memory...
Initializing data structures...
Computing TR Model Statistics...
Scanning Sequence 82...
............................................

Freeing Memory...
Resolving output...
Done.
Loading sequence file...
Allocating Memory...
Initializing data structures...
Computing TR Model Statistics...
Scanning Sequence 83...
..........................................

Freeing Memory...
Resolving output...
Done.
Loading sequence file...
Allocating Memory...
Initializing data structures...
Computing TR Model Statistics...
Scanning Sequence 84...
..................................................

Freeing Memory...
Resolving output...
Done.
Loading sequence file...
Allocating Memory...
Initializing data structures...
Computing TR Model Statistics...
Scanning Sequence 85...
..................................

Freeing Memory...
Resolving output...
Done.
Loading sequence file...
Allocating Memory...
Initializing data structures...
Computing TR Model Statistics...
Scanning Sequence 86...
............................................

Freeing Memory...
Resolving output...
Done.
Loading sequence file...
Allocating Memory...
Initializing data structures...
Computing TR Model Statistics...
Scanning Sequence 87...
...................................................

Freeing Memory...
Resolving output...
Done.
Loading sequence file...
Allocating Memory...
Initializing data structures...
Computing TR Model Statistics...
Scanning Sequence 88...
........................

Freeing Memory...
Resolving output...
Done.
Loading sequence file...
Allocating Memory...
Initializing data structures...
Computing TR Model Statistics...
Scanning Sequence 89...
....................................

Freeing Memory...
Resolving output...
Done.
Loading sequence file...
Allocating Memory...
Initializing data structures...
Computing TR Model Statistics...
Scanning Sequence 90...
..........................

Freeing Memory...
Resolving output...
Done.
Loading sequence file...
Allocating Memory...
Initializing data structures...
Computing TR Model Statistics...
Scanning Sequence 91...
.........................

Freeing Memory...
Resolving output...
Done.
Loading sequence file...
Allocating Memory...
Initializing data structures...
Computing TR Model Statistics...
Scanning Sequence 92...
.......................

Freeing Memory...
Resolving output...
Done.
Loading sequence file...
Allocating Memory...
Initializing data structures...
Computing TR Model Statistics...
Scanning Sequence 93...
............................

Freeing Memory...
Resolving output...
Done.
Loading sequence file...
Allocating Memory...
Initializing data structures...
Computing TR Model Statistics...
Scanning Sequence 94...
........................

Freeing Memory...
Resolving output...
Done.
Loading sequence file...
Allocating Memory...
Initializing data structures...
Computing TR Model Statistics...
Scanning Sequence 95...
.............................

Freeing Memory...
Resolving output...
Done.
Loading sequence file...
Allocating Memory...
Initializing data structures...
Computing TR Model Statistics...
Scanning Sequence 96...
..............................

Freeing Memory...
Resolving output...
Done.
Loading sequence file...
Allocating Memory...
Initializing data structures...
Computing TR Model Statistics...
Scanning Sequence 97...
.....................

Freeing Memory...
Resolving output...
Done.
Loading sequence file...
Allocating Memory...
Initializing data structures...
Computing TR Model Statistics...
Scanning Sequence 98...
..........................................

Freeing Memory...
Resolving output...
Done.
Loading sequence file...
Allocating Memory...
Initializing data structures...
Computing TR Model Statistics...
Scanning Sequence 99...
..........................................

Freeing Memory...
Resolving output...
Done.
Loading sequence file...
Allocating Memory...
Initializing data structures...
Computing TR Model Statistics...
Scanning Sequence 100...
..............................................................

Freeing Memory...
Resolving output...
Done.
Loading sequence file...
Allocating Memory...
Initializing data structures...
Computing TR Model Statistics...
Scanning Sequence 101...
.................................

Freeing Memory...
Resolving output...
Done.
Loading sequence file...
Allocating Memory...
Initializing data structures...
Computing TR Model Statistics...
Scanning Sequence 102...
...............................................

Freeing Memory...
Resolving output...
Done.
Loading sequence file...
Allocating Memory...
Initializing data structures...
Computing TR Model Statistics...
Scanning Sequence 103...
.....................

Freeing Memory...
Resolving output...
Done.
Loading sequence file...
Allocating Memory...
Initializing data structures...
Computing TR Model Statistics...
Scanning Sequence 104...
..............................

Freeing Memory...
Resolving output...
Done.
Loading sequence file...
Allocating Memory...
Initializing data structures...
Computing TR Model Statistics...
Scanning Sequence 105...
..............................................

Freeing Memory...
Resolving output...
Done.
Loading sequence file...
Allocating Memory...
Initializing data structures...
Computing TR Model Statistics...
Scanning Sequence 106...
.....................

Freeing Memory...
Resolving output...
Done.
Loading sequence file...
Allocating Memory...
Initializing data structures...
Computing TR Model Statistics...
Scanning Sequence 107...
...........................

Freeing Memory...
Resolving output...
Done.
Loading sequence file...
Allocating Memory...
Initializing data structures...
Computing TR Model Statistics...
Scanning Sequence 108...
................................................

Freeing Memory...
Resolving output...
Done.
Loading sequence file...
Allocating Memory...
Initializing data structures...
Computing TR Model Statistics...
Scanning Sequence 109...
........................

Freeing Memory...
Resolving output...
Done.
Loading sequence file...
Allocating Memory...
Initializing data structures...
Computing TR Model Statistics...
Scanning Sequence 110...
...............................................................

Freeing Memory...
Resolving output...
Done.
Loading sequence file...
Allocating Memory...
Initializing data structures...
Computing TR Model Statistics...
Scanning Sequence 111...
..............................

Freeing Memory...
Resolving output...
Done.
Loading sequence file...
Allocating Memory...
Initializing data structures...
Computing TR Model Statistics...
Scanning Sequence 112...
..........................

Freeing Memory...
Resolving output...
Done.
Loading sequence file...
Allocating Memory...
Initializing data structures...
Computing TR Model Statistics...
Scanning Sequence 113...
..................................

Freeing Memory...
Resolving output...
Done.
Loading sequence file...
Allocating Memory...
Initializing data structures...
Computing TR Model Statistics...
Scanning Sequence 114...
................................................

Freeing Memory...
Resolving output...
Done.
Loading sequence file...
Allocating Memory...
Initializing data structures...
Computing TR Model Statistics...
Scanning Sequence 115...
....................

Freeing Memory...
Resolving output...
Done.
Loading sequence file...
Allocating Memory...
Initializing data structures...
Computing TR Model Statistics...
Scanning Sequence 116...
.........................................................

Freeing Memory...
Resolving output...
Done.
Loading sequence file...
Allocating Memory...
Initializing data structures...
Computing TR Model Statistics...
Scanning Sequence 117...
........................

Freeing Memory...
Resolving output...
Done.
Loading sequence file...
Allocating Memory...
Initializing data structures...
Computing TR Model Statistics...
Scanning Sequence 118...
......................

Freeing Memory...
Resolving output...
Done.
Loading sequence file...
Allocating Memory...
Initializing data structures...
Computing TR Model Statistics...
Scanning Sequence 119...
......................

Freeing Memory...
Resolving output...
Done.
Loading sequence file...
Allocating Memory...
Initializing data structures...
Computing TR Model Statistics...
Scanning Sequence 120...
...................................

Freeing Memory...
Resolving output...
Done.
Loading sequence file...
Allocating Memory...
Initializing data structures...
Computing TR Model Statistics...
Scanning Sequence 121...
............................................

Freeing Memory...
Resolving output...
Done.
Loading sequence file...
Allocating Memory...
Initializing data structures...
Computing TR Model Statistics...
Scanning Sequence 122...
......................................

Freeing Memory...
Resolving output...
Done.
Loading sequence file...
Allocating Memory...
Initializing data structures...
Computing TR Model Statistics...
Scanning Sequence 123...
....................

Freeing Memory...
Resolving output...
Done.
Loading sequence file...
Allocating Memory...
Initializing data structures...
Computing TR Model Statistics...
Scanning Sequence 124...
..............................

Freeing Memory...
Resolving output...
Done.
Loading sequence file...
Allocating Memory...
Initializing data structures...
Computing TR Model Statistics...
Scanning Sequence 125...
...........................................

Freeing Memory...
Resolving output...
Done.
Loading sequence file...
Allocating Memory...
Initializing data structures...
Computing TR Model Statistics...
Scanning Sequence 126...
.....................

Freeing Memory...
Resolving output...
Done.
Loading sequence file...
Allocating Memory...
Initializing data structures...
Computing TR Model Statistics...
Scanning Sequence 127...
.............................

Freeing Memory...
Resolving output...
Done.
Loading sequence file...
Allocating Memory...
Initializing data structures...
Computing TR Model Statistics...
Scanning Sequence 128...
..............................

Freeing Memory...
Resolving output...
Done.
Loading sequence file...
Allocating Memory...
Initializing data structures...
Computing TR Model Statistics...
Scanning Sequence 129...
...................................

Freeing Memory...
Resolving output...
Done.
Loading sequence file...
Allocating Memory...
Initializing data structures...
Computing TR Model Statistics...
Scanning Sequence 130...
.....................................................

Freeing Memory...
Resolving output...
Done.
Loading sequence file...
Allocating Memory...
Initializing data structures...
Computing TR Model Statistics...
Scanning Sequence 131...
...........................................

Freeing Memory...
Resolving output...
Done.
Loading sequence file...
Allocating Memory...
Initializing data structures...
Computing TR Model Statistics...
Scanning Sequence 132...
.........................

Freeing Memory...
Resolving output...
Done.
Loading sequence file...
Allocating Memory...
Initializing data structures...
Computing TR Model Statistics...
Scanning Sequence 133...
..........................

Freeing Memory...
Resolving output...
Done.
Loading sequence file...
Allocating Memory...
Initializing data structures...
Computing TR Model Statistics...
Scanning Sequence 134...
....................................................

Freeing Memory...
Resolving output...
Done.
Loading sequence file...
Allocating Memory...
Initializing data structures...
Computing TR Model Statistics...
Scanning Sequence 135...
.......................................

Freeing Memory...
Resolving output...
Done.
Loading sequence file...
Allocating Memory...
Initializing data structures...
Computing TR Model Statistics...
Scanning Sequence 136...
............................

Freeing Memory...
Resolving output...
Done.
Loading sequence file...
Allocating Memory...
Initializing data structures...
Computing TR Model Statistics...
Scanning Sequence 137...
...............................

Freeing Memory...
Resolving output...
Done.
Loading sequence file...
Allocating Memory...
Initializing data structures...
Computing TR Model Statistics...
Scanning Sequence 138...
......................

Freeing Memory...
Resolving output...
Done.
Loading sequence file...
Allocating Memory...
Initializing data structures...
Computing TR Model Statistics...
Scanning Sequence 139...
.............................

Freeing Memory...
Resolving output...
Done.
Loading sequence file...
Allocating Memory...
Initializing data structures...
Computing TR Model Statistics...
Scanning Sequence 140...
......................

Freeing Memory...
Resolving output...
Done.
Loading sequence file...
Allocating Memory...
Initializing data structures...
Computing TR Model Statistics...
Scanning Sequence 141...
......................

Freeing Memory...
Resolving output...
Done.
Loading sequence file...
Allocating Memory...
Initializing data structures...
Computing TR Model Statistics...
Scanning Sequence 142...
............................................

Freeing Memory...
Resolving output...
Done.
Loading sequence file...
Allocating Memory...
Initializing data structures...
Computing TR Model Statistics...
Scanning Sequence 143...
...............................................

Freeing Memory...
Resolving output...
Done.
Loading sequence file...
Allocating Memory...
Initializing data structures...
Computing TR Model Statistics...
Scanning Sequence 144...
...................................................................

Freeing Memory...
Resolving output...
Done.
Loading sequence file...
Allocating Memory...
Initializing data structures...
Computing TR Model Statistics...
Scanning Sequence 145...
............................

Freeing Memory...
Resolving output...
Done.
Loading sequence file...
Allocating Memory...
Initializing data structures...
Computing TR Model Statistics...
Scanning Sequence 146...
.....................................

Freeing Memory...
Resolving output...
Done.
Loading sequence file...
Allocating Memory...
Initializing data structures...
Computing TR Model Statistics...
Scanning Sequence 147...
...........................

Freeing Memory...
Resolving output...
Done.
Loading sequence file...
Allocating Memory...
Initializing data structures...
Computing TR Model Statistics...
Scanning Sequence 148...
.............................................

Freeing Memory...
Resolving output...
Done.
Loading sequence file...
Allocating Memory...
Initializing data structures...
Computing TR Model Statistics...
Scanning Sequence 149...
.......................

Freeing Memory...
Resolving output...
Done.
Loading sequence file...
Allocating Memory...
Initializing data structures...
Computing TR Model Statistics...
Scanning Sequence 150...
...............................

Freeing Memory...
Resolving output...
Done.
Loading sequence file...
Allocating Memory...
Initializing data structures...
Computing TR Model Statistics...
Scanning Sequence 151...
.............................

Freeing Memory...
Resolving output...
Done.
Loading sequence file...
Allocating Memory...
Initializing data structures...
Computing TR Model Statistics...
Scanning Sequence 152...
.....................

Freeing Memory...
Resolving output...
Done.
Loading sequence file...
Allocating Memory...
Initializing data structures...
Computing TR Model Statistics...
Scanning Sequence 153...
.............................................

Freeing Memory...
Resolving output...
Done.
Loading sequence file...
Allocating Memory...
Initializing data structures...
Computing TR Model Statistics...
Scanning Sequence 154...
......................

Freeing Memory...
Resolving output...
Done.
Loading sequence file...
Allocating Memory...
Initializing data structures...
Computing TR Model Statistics...
Scanning Sequence 155...
............................

Freeing Memory...
Resolving output...
Done.
Loading sequence file...
Allocating Memory...
Initializing data structures...
Computing TR Model Statistics...
Scanning Sequence 156...
.........................

Freeing Memory...
Resolving output...
Done.
Loading sequence file...
Allocating Memory...
Initializing data structures...
Computing TR Model Statistics...
Scanning Sequence 157...
.....................................

Freeing Memory...
Resolving output...
Done.
Loading sequence file...
Allocating Memory...
Initializing data structures...
Computing TR Model Statistics...
Scanning Sequence 158...
........................

Freeing Memory...
Resolving output...
Done.
Loading sequence file...
Allocating Memory...
Initializing data structures...
Computing TR Model Statistics...
Scanning Sequence 159...
........................................

Freeing Memory...
Resolving output...
Done.
Loading sequence file...
Allocating Memory...
Initializing data structures...
Computing TR Model Statistics...
Scanning Sequence 160...
.................................

Freeing Memory...
Resolving output...
Done.
Loading sequence file...
Allocating Memory...
Initializing data structures...
Computing TR Model Statistics...
Scanning Sequence 161...
.....................................

Freeing Memory...
Resolving output...
Done.
Loading sequence file...
Allocating Memory...
Initializing data structures...
Computing TR Model Statistics...
Scanning Sequence 162...
.....................................

Freeing Memory...
Resolving output...
Done.
Loading sequence file...
Allocating Memory...
Initializing data structures...
Computing TR Model Statistics...
Scanning Sequence 163...
..................................................................

Freeing Memory...
Resolving output...
Done.
Loading sequence file...
Allocating Memory...
Initializing data structures...
Computing TR Model Statistics...
Scanning Sequence 164...
...................................

Freeing Memory...
Resolving output...
Done.
Loading sequence file...
Allocating Memory...
Initializing data structures...
Computing TR Model Statistics...
Scanning Sequence 165...
...................................................................

Freeing Memory...
Resolving output...
Done.
Loading sequence file...
Allocating Memory...
Initializing data structures...
Computing TR Model Statistics...
Scanning Sequence 166...
........................................

Freeing Memory...
Resolving output...
Done.
Loading sequence file...
Allocating Memory...
Initializing data structures...
Computing TR Model Statistics...
Scanning Sequence 167...
................................................

Freeing Memory...
Resolving output...
Done.
Loading sequence file...
Allocating Memory...
Initializing data structures...
Computing TR Model Statistics...
Scanning Sequence 168...
........................

Freeing Memory...
Resolving output...
Done.
Loading sequence file...
Allocating Memory...
Initializing data structures...
Computing TR Model Statistics...
Scanning Sequence 169...
...............................

Freeing Memory...
Resolving output...
Done.
Loading sequence file...
Allocating Memory...
Initializing data structures...
Computing TR Model Statistics...
Scanning Sequence 170...
......................

Freeing Memory...
Resolving output...
Done.
Loading sequence file...
Allocating Memory...
Initializing data structures...
Computing TR Model Statistics...
Scanning Sequence 171...
..........................................

Freeing Memory...
Resolving output...
Done.
Loading sequence file...
Allocating Memory...
Initializing data structures...
Computing TR Model Statistics...
Scanning Sequence 172...
......................

Freeing Memory...
Resolving output...
Done.
Loading sequence file...
Allocating Memory...
Initializing data structures...
Computing TR Model Statistics...
Scanning Sequence 173...
.....................................................

Freeing Memory...
Resolving output...
Done.
Loading sequence file...
Allocating Memory...
Initializing data structures...
Computing TR Model Statistics...
Scanning Sequence 174...
......................

Freeing Memory...
Resolving output...
Done.