
Tandem Repeats Finder, Version 4.04
Copyright (C) Dr. Gary Benson 1999-2004. All rights reserved.

Loading sequence...
Allocating Memory...
Initializing data structures...
Computing TR Model Statistics...
Scanning Sequence 1...
.......................

Freeing Memory...
Resolving output...
Done.
Loading sequence file...
Allocating Memory...
Initializing data structures...
Computing TR Model Statistics...
Scanning Sequence 2...
.......................................

Freeing Memory...
Resolving output...
Done.
Loading sequence file...
Allocating Memory...
Initializing data structures...
Computing TR Model Statistics...
Scanning Sequence 3...
.................................................

Freeing Memory...
Resolving output...
Done.
Loading sequence file...
Allocating Memory...
Initializing data structures...
Computing TR Model Statistics...
Scanning Sequence 4...
....................................................

Freeing Memory...
Resolving output...
Done.
Loading sequence file...
Allocating Memory...
Initializing data structures...
Computing TR Model Statistics...
Scanning Sequence 5...
.................................................................

Freeing Memory...
Resolving output...
Done.
Loading sequence file...
Allocating Memory...
Initializing data structures...
Computing TR Model Statistics...
Scanning Sequence 6...
..........................

Freeing Memory...
Resolving output...
Done.
Loading sequence file...
Allocating Memory...
Initializing data structures...
Computing TR Model Statistics...
Scanning Sequence 7...
..............................

Freeing Memory...
Resolving output...
Done.
Loading sequence file...
Allocating Memory...
Initializing data structures...
Computing TR Model Statistics...
Scanning Sequence 8...
............................

Freeing Memory...
Resolving output...
Done.
Loading sequence file...
Allocating Memory...
Initializing data structures...
Computing TR Model Statistics...
Scanning Sequence 9...
........................................

Freeing Memory...
Resolving output...
Done.
Loading sequence file...
Allocating Memory...
Initializing data structures...
Computing TR Model Statistics...
Scanning Sequence 10...
...........................................

Freeing Memory...
Resolving output...
Done.
Loading sequence file...
Allocating Memory...
Initializing data structures...
Computing TR Model Statistics...
Scanning Sequence 11...
..............................

Freeing Memory...
Resolving output...
Done.
Loading sequence file...
Allocating Memory...
Initializing data structures...
Computing TR Model Statistics...
Scanning Sequence 12...
....................

Freeing Memory...
Resolving output...
Done.
Loading sequence file...
Allocating Memory...
Initializing data structures...
Computing TR Model Statistics...
Scanning Sequence 13...
.............................................

Freeing Memory...
Resolving output...
Done.
Loading sequence file...
Allocating Memory...
Initializing data structures...
Computing TR Model Statistics...
Scanning Sequence 14...
..............................................

Freeing Memory...
Resolving output...
Done.
Loading sequence file...
Allocating Memory...
Initializing data structures...
Computing TR Model Statistics...
Scanning Sequence 15...
...........................

Freeing Memory...
Resolving output...
Done.
Loading sequence file...
Allocating Memory...
Initializing data structures...
Computing TR Model Statistics...
Scanning Sequence 16...
......................

Freeing Memory...
Resolving output...
Done.
Loading sequence file...
Allocating Memory...
Initializing data structures...
Computing TR Model Statistics...
Scanning Sequence 17...
..............................

Freeing Memory...
Resolving output...
Done.
Loading sequence file...
Allocating Memory...
Initializing data structures...
Computing TR Model Statistics...
Scanning Sequence 18...
...............................................................

Freeing Memory...
Resolving output...
Done.
Loading sequence file...
Allocating Memory...
Initializing data structures...
Computing TR Model Statistics...
Scanning Sequence 19...
................................................................

Freeing Memory...
Resolving output...
Done.
Loading sequence file...
Allocating Memory...
Initializing data structures...
Computing TR Model Statistics...
Scanning Sequence 20...
......................

Freeing Memory...
Resolving output...
Done.
Loading sequence file...
Allocating Memory...
Initializing data structures...
Computing TR Model Statistics...
Scanning Sequence 21...
......................

Freeing Memory...
Resolving output...
Done.
Loading sequence file...
Allocating Memory...
Initializing data structures...
Computing TR Model Statistics...
Scanning Sequence 22...
.............................................................

Freeing Memory...
Resolving output...
Done.
Loading sequence file...
Allocating Memory...
Initializing data structures...
Computing TR Model Statistics...
Scanning Sequence 23...
......................

Freeing Memory...
Resolving output...
Done.
Loading sequence file...
Allocating Memory...
Initializing data structures...
Computing TR Model Statistics...
Scanning Sequence 24...
.................................

Freeing Memory...
Resolving output...
Done.
Loading sequence file...
Allocating Memory...
Initializing data structures...
Computing TR Model Statistics...
Scanning Sequence 25...
...................................

Freeing Memory...
Resolving output...
Done.
Loading sequence file...
Allocating Memory...
Initializing data structures...
Computing TR Model Statistics...
Scanning Sequence 26...
....................................................................

Freeing Memory...
Resolving output...
Done.
Loading sequence file...
Allocating Memory...
Initializing data structures...
Computing TR Model Statistics...
Scanning Sequence 27...
..............................................

Freeing Memory...
Resolving output...
Done.
Loading sequence file...
Allocating Memory...
Initializing data structures...
Computing TR Model Statistics...
Scanning Sequence 28...
.................................................................

Freeing Memory...
Resolving output...
Done.
Loading sequence file...
Allocating Memory...
Initializing data structures...
Computing TR Model Statistics...
Scanning Sequence 29...
....................................................................

Freeing Memory...
Resolving output...
Done.
Loading sequence file...
Allocating Memory...
Initializing data structures...
Computing TR Model Statistics...
Scanning Sequence 30...
........................................

Freeing Memory...
Resolving output...
Done.
Loading sequence file...
Allocating Memory...
Initializing data structures...
Computing TR Model Statistics...
Scanning Sequence 31...
....................

Freeing Memory...
Resolving output...
Done.